{"C:\\Users\\xrx41\\Documents\\Obsidian\\Main\\WORKSPACE\\10xDevs\\knowlegather\\src\\App.tsx": {"path":"C:\\Users\\xrx41\\Documents\\Obsidian\\Main\\WORKSPACE\\10xDevs\\knowlegather\\src\\App.tsx","statementMap":{"0":{"start":{"line":1,"column":0},"end":{"line":1,"column":44}},"1":{"start":{"line":2,"column":0},"end":{"line":2,"column":59}},"2":{"start":{"line":3,"column":0},"end":{"line":3,"column":42}},"3":{"start":{"line":4,"column":0},"end":{"line":4,"column":50}},"4":{"start":{"line":7,"column":0},"end":{"line":7,"column":46}},"5":{"start":{"line":8,"column":0},"end":{"line":8,"column":46}},"6":{"start":{"line":11,"column":0},"end":{"line":11,"column":40}},"7":{"start":{"line":12,"column":0},"end":{"line":12,"column":47}},"8":{"start":{"line":13,"column":0},"end":{"line":13,"column":53}},"9":{"start":{"line":14,"column":0},"end":{"line":14,"column":66}},"10":{"start":{"line":15,"column":0},"end":{"line":15,"column":76}},"11":{"start":{"line":16,"column":0},"end":{"line":16,"column":54}},"12":{"start":{"line":17,"column":0},"end":{"line":17,"column":48}},"13":{"start":{"line":20,"column":0},"end":{"line":20,"column":58}},"14":{"start":{"line":23,"column":39},"end":{"line":23,"column":53}},"15":{"start":{"line":24,"column":36},"end":{"line":24,"column":50}},"16":{"start":{"line":26,"column":2},"end":{"line":104,"column":27}},"17":{"start":{"line":27,"column":4},"end":{"line":27,"column":49}},"18":{"start":{"line":28,"column":4},"end":{"line":28,"column":49}},"19":{"start":{"line":31,"column":29},"end":{"line":62,"column":5}},"20":{"start":{"line":32,"column":6},"end":{"line":32,"column":57}},"21":{"start":{"line":33,"column":6},"end":{"line":33,"column":40}},"22":{"start":{"line":35,"column":6},"end":{"line":61,"column":7}},"23":{"start":{"line":36,"column":8},"end":{"line":54,"column":9}},"24":{"start":{"line":37,"column":10},"end":{"line":40,"column":11}},"25":{"start":{"line":38,"column":12},"end":{"line":38,"column":66}},"26":{"start":{"line":39,"column":12},"end":{"line":39,"column":34}},"27":{"start":{"line":41,"column":15},"end":{"line":54,"column":9}},"28":{"start":{"line":42,"column":10},"end":{"line":42,"column":50}},"29":{"start":{"line":43,"column":10},"end":{"line":43,"column":22}},"30":{"start":{"line":45,"column":10},"end":{"line":45,"column":57}},"31":{"start":{"line":46,"column":15},"end":{"line":54,"column":9}},"32":{"start":{"line":47,"column":10},"end":{"line":47,"column":71}},"33":{"start":{"line":49,"column":10},"end":{"line":53,"column":11}},"34":{"start":{"line":50,"column":12},"end":{"line":50,"column":34}},"35":{"start":{"line":52,"column":12},"end":{"line":52,"column":24}},"36":{"start":{"line":56,"column":8},"end":{"line":56,"column":65}},"37":{"start":{"line":58,"column":8},"end":{"line":58,"column":20}},"38":{"start":{"line":60,"column":8},"end":{"line":60,"column":28}},"39":{"start":{"line":65,"column":4},"end":{"line":65,"column":55}},"40":{"start":{"line":66,"column":35},"end":{"line":66,"column":84}},"41":{"start":{"line":69,"column":27},"end":{"line":95,"column":5}},"42":{"start":{"line":70,"column":6},"end":{"line":70,"column":54}},"43":{"start":{"line":72,"column":6},"end":{"line":94,"column":7}},"44":{"start":{"line":73,"column":45},"end":{"line":73,"column":77}},"45":{"start":{"line":75,"column":8},"end":{"line":75,"column":68}},"46":{"start":{"line":77,"column":8},"end":{"line":80,"column":9}},"47":{"start":{"line":78,"column":10},"end":{"line":78,"column":53}},"48":{"start":{"line":79,"column":10},"end":{"line":79,"column":22}},"49":{"start":{"line":82,"column":8},"end":{"line":88,"column":9}},"50":{"start":{"line":83,"column":10},"end":{"line":83,"column":59}},"51":{"start":{"line":84,"column":10},"end":{"line":84,"column":32}},"52":{"start":{"line":86,"column":10},"end":{"line":86,"column":38}},"53":{"start":{"line":87,"column":10},"end":{"line":87,"column":22}},"54":{"start":{"line":90,"column":8},"end":{"line":90,"column":58}},"55":{"start":{"line":91,"column":8},"end":{"line":91,"column":20}},"56":{"start":{"line":93,"column":8},"end":{"line":93,"column":28}},"57":{"start":{"line":97,"column":4},"end":{"line":97,"column":21}},"58":{"start":{"line":100,"column":4},"end":{"line":103,"column":6}},"59":{"start":{"line":101,"column":6},"end":{"line":101,"column":61}},"60":{"start":{"line":102,"column":6},"end":{"line":102,"column":47}},"61":{"start":{"line":106,"column":2},"end":{"line":106,"column":70}},"62":{"start":{"line":108,"column":2},"end":{"line":110,"column":3}},"63":{"start":{"line":109,"column":4},"end":{"line":109,"column":29}},"64":{"start":{"line":112,"column":2},"end":{"line":140,"column":4}},"65":{"start":{"line":143,"column":0},"end":{"line":143,"column":19}}},"fnMap":{"0":{"name":"App","decl":{"start":{"line":22,"column":9},"end":{"line":22,"column":12}},"loc":{"start":{"line":22,"column":12},"end":{"line":141,"column":1}}},"1":{"name":"(anonymous_2)","decl":{"start":{"line":26,"column":12},"end":{"line":26,"column":15}},"loc":{"start":{"line":26,"column":17},"end":{"line":104,"column":3}}},"2":{"name":"(anonymous_3)","decl":{"start":{"line":31,"column":29},"end":{"line":31,"column":34}},"loc":{"start":{"line":31,"column":67},"end":{"line":62,"column":5}}},"3":{"name":"(anonymous_4)","decl":{"start":{"line":69,"column":27},"end":{"line":69,"column":32}},"loc":{"start":{"line":69,"column":38},"end":{"line":95,"column":5}}},"4":{"name":"(anonymous_5)","decl":{"start":{"line":100,"column":11},"end":{"line":100,"column":14}},"loc":{"start":{"line":100,"column":16},"end":{"line":103,"column":5}}}},"branchMap":{"0":{"loc":{"start":{"line":36,"column":8},"end":{"line":54,"column":9}},"type":"if","locations":[{"start":{"line":36,"column":8},"end":{"line":54,"column":9}},{"start":{"line":41,"column":15},"end":{"line":54,"column":9}}]},"1":{"loc":{"start":{"line":36,"column":12},"end":{"line":36,"column":64}},"type":"binary-expr","locations":[{"start":{"line":36,"column":12},"end":{"line":36,"column":33}},{"start":{"line":36,"column":37},"end":{"line":36,"column":64}}]},"2":{"loc":{"start":{"line":37,"column":10},"end":{"line":40,"column":11}},"type":"if","locations":[{"start":{"line":37,"column":10},"end":{"line":40,"column":11}},{"start":{},"end":{}}]},"3":{"loc":{"start":{"line":41,"column":15},"end":{"line":54,"column":9}},"type":"if","locations":[{"start":{"line":41,"column":15},"end":{"line":54,"column":9}},{"start":{"line":46,"column":15},"end":{"line":54,"column":9}}]},"4":{"loc":{"start":{"line":46,"column":15},"end":{"line":54,"column":9}},"type":"if","locations":[{"start":{"line":46,"column":15},"end":{"line":54,"column":9}},{"start":{},"end":{}}]},"5":{"loc":{"start":{"line":46,"column":19},"end":{"line":46,"column":71}},"type":"binary-expr","locations":[{"start":{"line":46,"column":19},"end":{"line":46,"column":43}},{"start":{"line":46,"column":47},"end":{"line":46,"column":71}}]},"6":{"loc":{"start":{"line":49,"column":10},"end":{"line":53,"column":11}},"type":"if","locations":[{"start":{"line":49,"column":10},"end":{"line":53,"column":11}},{"start":{"line":51,"column":17},"end":{"line":53,"column":11}}]},"7":{"loc":{"start":{"line":77,"column":8},"end":{"line":80,"column":9}},"type":"if","locations":[{"start":{"line":77,"column":8},"end":{"line":80,"column":9}},{"start":{},"end":{}}]},"8":{"loc":{"start":{"line":82,"column":8},"end":{"line":88,"column":9}},"type":"if","locations":[{"start":{"line":82,"column":8},"end":{"line":88,"column":9}},{"start":{"line":85,"column":15},"end":{"line":88,"column":9}}]},"9":{"loc":{"start":{"line":108,"column":2},"end":{"line":110,"column":3}},"type":"if","locations":[{"start":{"line":108,"column":2},"end":{"line":110,"column":3}},{"start":{},"end":{}}]},"10":{"loc":{"start":{"line":116,"column":38},"end":{"line":116,"column":100}},"type":"cond-expr","locations":[{"start":{"line":116,"column":46},"end":{"line":116,"column":59}},{"start":{"line":116,"column":62},"end":{"line":116,"column":100}}]},"11":{"loc":{"start":{"line":117,"column":41},"end":{"line":117,"column":106}},"type":"cond-expr","locations":[{"start":{"line":117,"column":49},"end":{"line":117,"column":65}},{"start":{"line":117,"column":68},"end":{"line":117,"column":106}}]},"12":{"loc":{"start":{"line":125,"column":19},"end":{"line":125,"column":80}},"type":"cond-expr","locations":[{"start":{"line":125,"column":26},"end":{"line":125,"column":45}},{"start":{"line":125,"column":48},"end":{"line":125,"column":80}}]},"13":{"loc":{"start":{"line":129,"column":19},"end":{"line":129,"column":85}},"type":"cond-expr","locations":[{"start":{"line":129,"column":26},"end":{"line":129,"column":50}},{"start":{"line":129,"column":53},"end":{"line":129,"column":85}}]},"14":{"loc":{"start":{"line":133,"column":19},"end":{"line":133,"column":76}},"type":"cond-expr","locations":[{"start":{"line":133,"column":26},"end":{"line":133,"column":41}},{"start":{"line":133,"column":44},"end":{"line":133,"column":76}}]}},"s":{"0":0,"1":0,"2":0,"3":0,"4":0,"5":0,"6":0,"7":0,"8":0,"9":0,"10":0,"11":0,"12":0,"13":0,"14":0,"15":0,"16":0,"17":0,"18":0,"19":0,"20":0,"21":0,"22":0,"23":0,"24":0,"25":0,"26":0,"27":0,"28":0,"29":0,"30":0,"31":0,"32":0,"33":0,"34":0,"35":0,"36":0,"37":0,"38":0,"39":0,"40":0,"41":0,"42":0,"43":0,"44":0,"45":0,"46":0,"47":0,"48":0,"49":0,"50":0,"51":0,"52":0,"53":0,"54":0,"55":0,"56":0,"57":0,"58":0,"59":0,"60":0,"61":0,"62":0,"63":0,"64":0,"65":0},"f":{"0":0,"1":0,"2":0,"3":0,"4":0},"b":{"0":[0,0],"1":[0,0],"2":[0,0],"3":[0,0],"4":[0,0],"5":[0,0],"6":[0,0],"7":[0,0],"8":[0,0],"9":[0,0],"10":[0,0],"11":[0,0],"12":[0,0],"13":[0,0],"14":[0,0]}}
,"C:\\Users\\xrx41\\Documents\\Obsidian\\Main\\WORKSPACE\\10xDevs\\knowlegather\\src\\components\\ai\\AiChat.tsx": {"path":"C:\\Users\\xrx41\\Documents\\Obsidian\\Main\\WORKSPACE\\10xDevs\\knowlegather\\src\\components\\ai\\AiChat.tsx","statementMap":{"0":{"start":{"line":1,"column":0},"end":{"line":1,"column":52}},"1":{"start":{"line":2,"column":0},"end":{"line":2,"column":82}},"2":{"start":{"line":3,"column":0},"end":{"line":3,"column":34}},"3":{"start":{"line":4,"column":0},"end":{"line":4,"column":54}},"4":{"start":{"line":20,"column":15},"end":{"line":330,"column":1}},"5":{"start":{"line":21,"column":19},"end":{"line":21,"column":33}},"6":{"start":{"line":22,"column":34},"end":{"line":22,"column":57}},"7":{"start":{"line":23,"column":28},"end":{"line":23,"column":40}},"8":{"start":{"line":24,"column":36},"end":{"line":24,"column":51}},"9":{"start":{"line":25,"column":38},"end":{"line":25,"column":53}},"10":{"start":{"line":26,"column":28},"end":{"line":26,"column":57}},"11":{"start":{"line":27,"column":25},"end":{"line":27,"column":53}},"12":{"start":{"line":28,"column":19},"end":{"line":28,"column":52}},"13":{"start":{"line":29,"column":18},"end":{"line":29,"column":46}},"14":{"start":{"line":32,"column":38},"end":{"line":32,"column":53}},"15":{"start":{"line":33,"column":34},"end":{"line":39,"column":4}},"16":{"start":{"line":34,"column":26},"end":{"line":34,"column":64}},"17":{"start":{"line":35,"column":4},"end":{"line":37,"column":5}},"18":{"start":{"line":36,"column":6},"end":{"line":36,"column":39}},"19":{"start":{"line":38,"column":4},"end":{"line":38,"column":49}},"20":{"start":{"line":40,"column":23},"end":{"line":40,"column":45}},"21":{"start":{"line":43,"column":2},"end":{"line":45,"column":17}},"22":{"start":{"line":44,"column":4},"end":{"line":44,"column":69}},"23":{"start":{"line":48,"column":2},"end":{"line":50,"column":17}},"24":{"start":{"line":49,"column":4},"end":{"line":49,"column":67}},"25":{"start":{"line":53,"column":2},"end":{"line":57,"column":19}},"26":{"start":{"line":54,"column":4},"end":{"line":56,"column":5}},"27":{"start":{"line":55,"column":6},"end":{"line":55,"column":32}},"28":{"start":{"line":60,"column":2},"end":{"line":71,"column":36}},"29":{"start":{"line":61,"column":4},"end":{"line":70,"column":5}},"30":{"start":{"line":62,"column":6},"end":{"line":69,"column":9}},"31":{"start":{"line":74,"column":26},"end":{"line":84,"column":3}},"32":{"start":{"line":75,"column":4},"end":{"line":75,"column":33}},"33":{"start":{"line":75,"column":26},"end":{"line":75,"column":33}},"34":{"start":{"line":77,"column":4},"end":{"line":77,"column":24}},"35":{"start":{"line":78,"column":4},"end":{"line":81,"column":6}},"36":{"start":{"line":83,"column":4},"end":{"line":83,"column":44}},"37":{"start":{"line":86,"column":2},"end":{"line":116,"column":19}},"38":{"start":{"line":87,"column":28},"end":{"line":100,"column":5}},"39":{"start":{"line":88,"column":6},"end":{"line":88,"column":50}},"40":{"start":{"line":88,"column":43},"end":{"line":88,"column":50}},"41":{"start":{"line":90,"column":19},"end":{"line":90,"column":53}},"42":{"start":{"line":91,"column":19},"end":{"line":91,"column":53}},"43":{"start":{"line":93,"column":19},"end":{"line":93,"column":66}},"44":{"start":{"line":94,"column":19},"end":{"line":94,"column":42}},"45":{"start":{"line":96,"column":23},"end":{"line":96,"column":56}},"46":{"start":{"line":97,"column":23},"end":{"line":97,"column":56}},"47":{"start":{"line":99,"column":6},"end":{"line":99,"column":48}},"48":{"start":{"line":102,"column":26},"end":{"line":105,"column":5}},"49":{"start":{"line":103,"column":6},"end":{"line":103,"column":27}},"50":{"start":{"line":104,"column":6},"end":{"line":104,"column":42}},"51":{"start":{"line":107,"column":4},"end":{"line":110,"column":5}},"52":{"start":{"line":108,"column":6},"end":{"line":108,"column":60}},"53":{"start":{"line":109,"column":6},"end":{"line":109,"column":56}},"54":{"start":{"line":112,"column":4},"end":{"line":115,"column":6}},"55":{"start":{"line":113,"column":6},"end":{"line":113,"column":63}},"56":{"start":{"line":114,"column":6},"end":{"line":114,"column":59}},"57":{"start":{"line":118,"column":28},"end":{"line":185,"column":3}},"58":{"start":{"line":119,"column":4},"end":{"line":119,"column":39}},"59":{"start":{"line":119,"column":32},"end":{"line":119,"column":39}},"60":{"start":{"line":121,"column":33},"end":{"line":126,"column":6}},"61":{"start":{"line":128,"column":4},"end":{"line":128,"column":50}},"62":{"start":{"line":128,"column":26},"end":{"line":128,"column":48}},"63":{"start":{"line":129,"column":4},"end":{"line":129,"column":17}},"64":{"start":{"line":130,"column":4},"end":{"line":130,"column":23}},"65":{"start":{"line":131,"column":4},"end":{"line":131,"column":19}},"66":{"start":{"line":133,"column":4},"end":{"line":184,"column":5}},"67":{"start":{"line":135,"column":20},"end":{"line":135,"column":22}},"68":{"start":{"line":136,"column":6},"end":{"line":141,"column":7}},"69":{"start":{"line":137,"column":8},"end":{"line":137,"column":54}},"70":{"start":{"line":138,"column":8},"end":{"line":140,"column":9}},"71":{"start":{"line":139,"column":10},"end":{"line":139,"column":64}},"72":{"start":{"line":142,"column":6},"end":{"line":145,"column":7}},"73":{"start":{"line":143,"column":8},"end":{"line":143,"column":66}},"74":{"start":{"line":144,"column":8},"end":{"line":144,"column":59}},"75":{"start":{"line":147,"column":23},"end":{"line":163,"column":8}},"76":{"start":{"line":155,"column":25},"end":{"line":155,"column":44}},"77":{"start":{"line":157,"column":23},"end":{"line":160,"column":14}},"78":{"start":{"line":165,"column":19},"end":{"line":165,"column":40}},"79":{"start":{"line":167,"column":6},"end":{"line":169,"column":7}},"80":{"start":{"line":168,"column":8},"end":{"line":168,"column":36}},"81":{"start":{"line":171,"column":40},"end":{"line":176,"column":8}},"82":{"start":{"line":178,"column":6},"end":{"line":178,"column":57}},"83":{"start":{"line":178,"column":28},"end":{"line":178,"column":55}},"84":{"start":{"line":180,"column":6},"end":{"line":180,"column":59}},"85":{"start":{"line":181,"column":6},"end":{"line":181,"column":116}},"86":{"start":{"line":183,"column":6},"end":{"line":183,"column":26}},"87":{"start":{"line":187,"column":24},"end":{"line":192,"column":3}},"88":{"start":{"line":188,"column":4},"end":{"line":191,"column":5}},"89":{"start":{"line":189,"column":6},"end":{"line":189,"column":25}},"90":{"start":{"line":190,"column":6},"end":{"line":190,"column":26}},"91":{"start":{"line":194,"column":20},"end":{"line":206,"column":3}},"92":{"start":{"line":195,"column":4},"end":{"line":195,"column":20}},"93":{"start":{"line":196,"column":4},"end":{"line":205,"column":5}},"94":{"start":{"line":197,"column":6},"end":{"line":204,"column":9}},"95":{"start":{"line":208,"column":2},"end":{"line":329,"column":4}},"96":{"start":{"line":226,"column":25},"end":{"line":226,"column":51}},"97":{"start":{"line":243,"column":16},"end":{"line":243,"column":36}},"98":{"start":{"line":244,"column":16},"end":{"line":244,"column":28}},"99":{"start":{"line":262,"column":27},"end":{"line":262,"column":53}},"100":{"start":{"line":274,"column":14},"end":{"line":275,"column":null}},"101":{"start":{"line":309,"column":33},"end":{"line":309,"column":57}},"102":{"start":{"line":332,"column":0},"end":{"line":332,"column":22}}},"fnMap":{"0":{"name":"(anonymous_1)","decl":{"start":{"line":20,"column":15},"end":{"line":20,"column":16}},"loc":{"start":{"line":20,"column":64},"end":{"line":330,"column":1}}},"1":{"name":"(anonymous_2)","decl":{"start":{"line":33,"column":43},"end":{"line":33,"column":46}},"loc":{"start":{"line":33,"column":48},"end":{"line":39,"column":3}}},"2":{"name":"(anonymous_3)","decl":{"start":{"line":43,"column":12},"end":{"line":43,"column":15}},"loc":{"start":{"line":43,"column":17},"end":{"line":45,"column":3}}},"3":{"name":"(anonymous_4)","decl":{"start":{"line":48,"column":12},"end":{"line":48,"column":15}},"loc":{"start":{"line":48,"column":17},"end":{"line":50,"column":3}}},"4":{"name":"(anonymous_5)","decl":{"start":{"line":53,"column":12},"end":{"line":53,"column":15}},"loc":{"start":{"line":53,"column":17},"end":{"line":57,"column":3}}},"5":{"name":"(anonymous_6)","decl":{"start":{"line":60,"column":12},"end":{"line":60,"column":15}},"loc":{"start":{"line":60,"column":17},"end":{"line":71,"column":3}}},"6":{"name":"(anonymous_7)","decl":{"start":{"line":74,"column":26},"end":{"line":74,"column":27}},"loc":{"start":{"line":74,"column":50},"end":{"line":84,"column":3}}},"7":{"name":"(anonymous_8)","decl":{"start":{"line":86,"column":12},"end":{"line":86,"column":15}},"loc":{"start":{"line":86,"column":17},"end":{"line":116,"column":3}}},"8":{"name":"(anonymous_9)","decl":{"start":{"line":87,"column":28},"end":{"line":87,"column":29}},"loc":{"start":{"line":87,"column":46},"end":{"line":100,"column":5}}},"9":{"name":"(anonymous_10)","decl":{"start":{"line":102,"column":26},"end":{"line":102,"column":29}},"loc":{"start":{"line":102,"column":31},"end":{"line":105,"column":5}}},"10":{"name":"(anonymous_11)","decl":{"start":{"line":112,"column":11},"end":{"line":112,"column":14}},"loc":{"start":{"line":112,"column":16},"end":{"line":115,"column":5}}},"11":{"name":"(anonymous_12)","decl":{"start":{"line":118,"column":28},"end":{"line":118,"column":33}},"loc":{"start":{"line":118,"column":39},"end":{"line":185,"column":3}}},"12":{"name":"(anonymous_13)","decl":{"start":{"line":128,"column":16},"end":{"line":128,"column":17}},"loc":{"start":{"line":128,"column":26},"end":{"line":128,"column":48}}},"13":{"name":"(anonymous_14)","decl":{"start":{"line":155,"column":20},"end":{"line":155,"column":21}},"loc":{"start":{"line":155,"column":25},"end":{"line":155,"column":44}}},"14":{"name":"(anonymous_15)","decl":{"start":{"line":157,"column":17},"end":{"line":157,"column":18}},"loc":{"start":{"line":157,"column":23},"end":{"line":160,"column":14}}},"15":{"name":"(anonymous_16)","decl":{"start":{"line":178,"column":18},"end":{"line":178,"column":19}},"loc":{"start":{"line":178,"column":28},"end":{"line":178,"column":55}}},"16":{"name":"(anonymous_17)","decl":{"start":{"line":187,"column":24},"end":{"line":187,"column":25}},"loc":{"start":{"line":187,"column":72},"end":{"line":192,"column":3}}},"17":{"name":"(anonymous_18)","decl":{"start":{"line":194,"column":20},"end":{"line":194,"column":23}},"loc":{"start":{"line":194,"column":25},"end":{"line":206,"column":3}}},"18":{"name":"(anonymous_19)","decl":{"start":{"line":226,"column":19},"end":{"line":226,"column":22}},"loc":{"start":{"line":226,"column":25},"end":{"line":226,"column":51}}},"19":{"name":"(anonymous_20)","decl":{"start":{"line":242,"column":23},"end":{"line":242,"column":24}},"loc":{"start":{"line":242,"column":29},"end":{"line":245,"column":15}}},"20":{"name":"(anonymous_21)","decl":{"start":{"line":262,"column":21},"end":{"line":262,"column":24}},"loc":{"start":{"line":262,"column":27},"end":{"line":262,"column":53}}},"21":{"name":"(anonymous_22)","decl":{"start":{"line":273,"column":26},"end":{"line":273,"column":27}},"loc":{"start":{"line":274,"column":14},"end":{"line":275,"column":null}}},"22":{"name":"(anonymous_23)","decl":{"start":{"line":309,"column":26},"end":{"line":309,"column":27}},"loc":{"start":{"line":309,"column":33},"end":{"line":309,"column":57}}}},"branchMap":{"0":{"loc":{"start":{"line":35,"column":4},"end":{"line":37,"column":5}},"type":"if","locations":[{"start":{"line":35,"column":4},"end":{"line":37,"column":5}},{"start":{},"end":{}}]},"1":{"loc":{"start":{"line":54,"column":4},"end":{"line":56,"column":5}},"type":"if","locations":[{"start":{"line":54,"column":4},"end":{"line":56,"column":5}},{"start":{},"end":{}}]},"2":{"loc":{"start":{"line":61,"column":4},"end":{"line":70,"column":5}},"type":"if","locations":[{"start":{"line":61,"column":4},"end":{"line":70,"column":5}},{"start":{},"end":{}}]},"3":{"loc":{"start":{"line":61,"column":8},"end":{"line":61,"column":43}},"type":"binary-expr","locations":[{"start":{"line":61,"column":8},"end":{"line":61,"column":18}},{"start":{"line":61,"column":22},"end":{"line":61,"column":43}}]},"4":{"loc":{"start":{"line":75,"column":4},"end":{"line":75,"column":33}},"type":"if","locations":[{"start":{"line":75,"column":4},"end":{"line":75,"column":33}},{"start":{},"end":{}}]},"5":{"loc":{"start":{"line":88,"column":6},"end":{"line":88,"column":50}},"type":"if","locations":[{"start":{"line":88,"column":6},"end":{"line":88,"column":50}},{"start":{},"end":{}}]},"6":{"loc":{"start":{"line":88,"column":10},"end":{"line":88,"column":41}},"type":"binary-expr","locations":[{"start":{"line":88,"column":10},"end":{"line":88,"column":21}},{"start":{"line":88,"column":25},"end":{"line":88,"column":41}}]},"7":{"loc":{"start":{"line":107,"column":4},"end":{"line":110,"column":5}},"type":"if","locations":[{"start":{"line":107,"column":4},"end":{"line":110,"column":5}},{"start":{},"end":{}}]},"8":{"loc":{"start":{"line":119,"column":4},"end":{"line":119,"column":39}},"type":"if","locations":[{"start":{"line":119,"column":4},"end":{"line":119,"column":39}},{"start":{},"end":{}}]},"9":{"loc":{"start":{"line":119,"column":8},"end":{"line":119,"column":30}},"type":"binary-expr","locations":[{"start":{"line":119,"column":8},"end":{"line":119,"column":21}},{"start":{"line":119,"column":25},"end":{"line":119,"column":30}}]},"10":{"loc":{"start":{"line":136,"column":6},"end":{"line":141,"column":7}},"type":"if","locations":[{"start":{"line":136,"column":6},"end":{"line":141,"column":7}},{"start":{},"end":{}}]},"11":{"loc":{"start":{"line":138,"column":8},"end":{"line":140,"column":9}},"type":"if","locations":[{"start":{"line":138,"column":8},"end":{"line":140,"column":9}},{"start":{},"end":{}}]},"12":{"loc":{"start":{"line":142,"column":6},"end":{"line":145,"column":7}},"type":"if","locations":[{"start":{"line":142,"column":6},"end":{"line":145,"column":7}},{"start":{},"end":{}}]},"13":{"loc":{"start":{"line":167,"column":6},"end":{"line":169,"column":7}},"type":"if","locations":[{"start":{"line":167,"column":6},"end":{"line":169,"column":7}},{"start":{},"end":{}}]},"14":{"loc":{"start":{"line":181,"column":15},"end":{"line":181,"column":114}},"type":"binary-expr","locations":[{"start":{"line":181,"column":15},"end":{"line":181,"column":28}},{"start":{"line":181,"column":32},"end":{"line":181,"column":114}}]},"15":{"loc":{"start":{"line":188,"column":4},"end":{"line":191,"column":5}},"type":"if","locations":[{"start":{"line":188,"column":4},"end":{"line":191,"column":5}},{"start":{},"end":{}}]},"16":{"loc":{"start":{"line":188,"column":8},"end":{"line":188,"column":40}},"type":"binary-expr","locations":[{"start":{"line":188,"column":8},"end":{"line":188,"column":25}},{"start":{"line":188,"column":29},"end":{"line":188,"column":40}}]},"17":{"loc":{"start":{"line":196,"column":4},"end":{"line":205,"column":5}},"type":"if","locations":[{"start":{"line":196,"column":4},"end":{"line":205,"column":5}},{"start":{},"end":{}}]},"18":{"loc":{"start":{"line":215,"column":13},"end":{"line":215,"column":74}},"type":"cond-expr","locations":[{"start":{"line":215,"column":26},"end":{"line":215,"column":54}},{"start":{"line":215,"column":57},"end":{"line":215,"column":74}}]},"19":{"loc":{"start":{"line":216,"column":16},"end":{"line":216,"column":45}},"type":"cond-expr","locations":[{"start":{"line":216,"column":29},"end":{"line":216,"column":36}},{"start":{"line":216,"column":39},"end":{"line":216,"column":45}}]},"20":{"loc":{"start":{"line":217,"column":16},"end":{"line":217,"column":48}},"type":"cond-expr","locations":[{"start":{"line":217,"column":29},"end":{"line":217,"column":39}},{"start":{"line":217,"column":42},"end":{"line":217,"column":48}}]},"21":{"loc":{"start":{"line":231,"column":13},"end":{"line":234,"column":null}},"type":"binary-expr","locations":[{"start":{"line":231,"column":13},"end":{"line":231,"column":23}},{"start":{"line":232,"column":14},"end":{"line":233,"column":null}}]},"22":{"loc":{"start":{"line":240,"column":11},"end":{"line":251,"column":null}},"type":"binary-expr","locations":[{"start":{"line":240,"column":11},"end":{"line":240,"column":21}},{"start":{"line":241,"column":12},"end":{"line":250,"column":null}}]},"23":{"loc":{"start":{"line":264,"column":13},"end":{"line":264,"column":77}},"type":"cond-expr","locations":[{"start":{"line":264,"column":26},"end":{"line":264,"column":51}},{"start":{"line":264,"column":54},"end":{"line":264,"column":77}}]},"24":{"loc":{"start":{"line":270,"column":7},"end":{"line":326,"column":null}},"type":"binary-expr","locations":[{"start":{"line":270,"column":7},"end":{"line":270,"column":17}},{"start":{"line":271,"column":8},"end":{"line":325,"column":null}}]},"25":{"loc":{"start":{"line":277,"column":18},"end":{"line":277,"column":null}},"type":"cond-expr","locations":[{"start":{"line":277,"column":44},"end":{"line":277,"column":57}},{"start":{"line":277,"column":60},"end":{"line":277,"column":null}}]},"26":{"loc":{"start":{"line":282,"column":20},"end":{"line":286,"column":null}},"type":"cond-expr","locations":[{"start":{"line":283,"column":24},"end":{"line":283,"column":51}},{"start":{"line":284,"column":24},"end":{"line":286,"column":null}}]},"27":{"loc":{"start":{"line":284,"column":24},"end":{"line":286,"column":null}},"type":"cond-expr","locations":[{"start":{"line":285,"column":24},"end":{"line":285,"column":51}},{"start":{"line":286,"column":24},"end":{"line":286,"column":null}}]},"28":{"loc":{"start":{"line":293,"column":13},"end":{"line":298,"column":null}},"type":"binary-expr","locations":[{"start":{"line":293,"column":13},"end":{"line":293,"column":18}},{"start":{"line":294,"column":14},"end":{"line":297,"column":null}}]},"29":{"loc":{"start":{"line":319,"column":26},"end":{"line":319,"column":52}},"type":"binary-expr","locations":[{"start":{"line":319,"column":26},"end":{"line":319,"column":39}},{"start":{"line":319,"column":43},"end":{"line":319,"column":52}}]}},"s":{"0":0,"1":0,"2":0,"3":0,"4":0,"5":0,"6":0,"7":0,"8":0,"9":0,"10":0,"11":0,"12":0,"13":0,"14":0,"15":0,"16":0,"17":0,"18":0,"19":0,"20":0,"21":0,"22":0,"23":0,"24":0,"25":0,"26":0,"27":0,"28":0,"29":0,"30":0,"31":0,"32":0,"33":0,"34":0,"35":0,"36":0,"37":0,"38":0,"39":0,"40":0,"41":0,"42":0,"43":0,"44":0,"45":0,"46":0,"47":0,"48":0,"49":0,"50":0,"51":0,"52":0,"53":0,"54":0,"55":0,"56":0,"57":0,"58":0,"59":0,"60":0,"61":0,"62":0,"63":0,"64":0,"65":0,"66":0,"67":0,"68":0,"69":0,"70":0,"71":0,"72":0,"73":0,"74":0,"75":0,"76":0,"77":0,"78":0,"79":0,"80":0,"81":0,"82":0,"83":0,"84":0,"85":0,"86":0,"87":0,"88":0,"89":0,"90":0,"91":0,"92":0,"93":0,"94":0,"95":0,"96":0,"97":0,"98":0,"99":0,"100":0,"101":0,"102":0},"f":{"0":0,"1":0,"2":0,"3":0,"4":0,"5":0,"6":0,"7":0,"8":0,"9":0,"10":0,"11":0,"12":0,"13":0,"14":0,"15":0,"16":0,"17":0,"18":0,"19":0,"20":0,"21":0,"22":0},"b":{"0":[0,0],"1":[0,0],"2":[0,0],"3":[0,0],"4":[0,0],"5":[0,0],"6":[0,0],"7":[0,0],"8":[0,0],"9":[0,0],"10":[0,0],"11":[0,0],"12":[0,0],"13":[0,0],"14":[0,0],"15":[0,0],"16":[0,0],"17":[0,0],"18":[0,0],"19":[0,0],"20":[0,0],"21":[0,0],"22":[0,0],"23":[0,0],"24":[0,0],"25":[0,0],"26":[0,0],"27":[0,0],"28":[0,0],"29":[0,0]}}
,"C:\\Users\\xrx41\\Documents\\Obsidian\\Main\\WORKSPACE\\10xDevs\\knowlegather\\src\\components\\collections\\CollectionCard.tsx": {"path":"C:\\Users\\xrx41\\Documents\\Obsidian\\Main\\WORKSPACE\\10xDevs\\knowlegather\\src\\components\\collections\\CollectionCard.tsx","statementMap":{"0":{"start":{"line":1,"column":0},"end":{"line":1,"column":40}},"1":{"start":{"line":2,"column":0},"end":{"line":2,"column":58}},"2":{"start":{"line":4,"column":0},"end":{"line":4,"column":56}},"3":{"start":{"line":10,"column":23},"end":{"line":60,"column":1}},"4":{"start":{"line":11,"column":2},"end":{"line":59,"column":4}},"5":{"start":{"line":48,"column":12},"end":{"line":49,"column":null}},"6":{"start":{"line":62,"column":0},"end":{"line":62,"column":30}}},"fnMap":{"0":{"name":"(anonymous_0)","decl":{"start":{"line":10,"column":23},"end":{"line":10,"column":24}},"loc":{"start":{"line":10,"column":63},"end":{"line":60,"column":1}}},"1":{"name":"(anonymous_1)","decl":{"start":{"line":47,"column":31},"end":{"line":47,"column":32}},"loc":{"start":{"line":48,"column":12},"end":{"line":49,"column":null}}}},"branchMap":{"0":{"loc":{"start":{"line":31,"column":11},"end":{"line":34,"column":null}},"type":"cond-expr","locations":[{"start":{"line":32,"column":12},"end":{"line":32,"column":54}},{"start":{"line":34,"column":12},"end":{"line":34,"column":55}}]},"1":{"loc":{"start":{"line":39,"column":7},"end":{"line":42,"column":null}},"type":"binary-expr","locations":[{"start":{"line":39,"column":7},"end":{"line":39,"column":29}},{"start":{"line":40,"column":8},"end":{"line":41,"column":null}}]},"2":{"loc":{"start":{"line":45,"column":7},"end":{"line":56,"column":null}},"type":"binary-expr","locations":[{"start":{"line":45,"column":7},"end":{"line":45,"column":22}},{"start":{"line":45,"column":26},"end":{"line":45,"column":52}},{"start":{"line":46,"column":8},"end":{"line":55,"column":null}}]}},"s":{"0":0,"1":0,"2":0,"3":0,"4":0,"5":0,"6":0},"f":{"0":0,"1":0},"b":{"0":[0,0],"1":[0,0],"2":[0,0,0]}}
,"C:\\Users\\xrx41\\Documents\\Obsidian\\Main\\WORKSPACE\\10xDevs\\knowlegather\\src\\components\\navigation\\Navbar.tsx": {"path":"C:\\Users\\xrx41\\Documents\\Obsidian\\Main\\WORKSPACE\\10xDevs\\knowlegather\\src\\components\\navigation\\Navbar.tsx","statementMap":{"0":{"start":{"line":1,"column":0},"end":{"line":1,"column":33}},"1":{"start":{"line":2,"column":0},"end":{"line":2,"column":53}},"2":{"start":{"line":3,"column":0},"end":{"line":3,"column":null}},"3":{"start":{"line":12,"column":0},"end":{"line":12,"column":54}},"4":{"start":{"line":13,"column":0},"end":{"line":13,"column":46}},"5":{"start":{"line":14,"column":0},"end":{"line":14,"column":40}},"6":{"start":{"line":20,"column":15},"end":{"line":126,"column":1}},"7":{"start":{"line":21,"column":19},"end":{"line":21,"column":32}},"8":{"start":{"line":22,"column":42},"end":{"line":22,"column":57}},"9":{"start":{"line":23,"column":48},"end":{"line":23,"column":63}},"10":{"start":{"line":24,"column":30},"end":{"line":24,"column":44}},"11":{"start":{"line":26,"column":23},"end":{"line":30,"column":3}},"12":{"start":{"line":27,"column":4},"end":{"line":27,"column":34}},"13":{"start":{"line":28,"column":4},"end":{"line":28,"column":16}},"14":{"start":{"line":29,"column":4},"end":{"line":29,"column":23}},"15":{"start":{"line":32,"column":2},"end":{"line":125,"column":4}},"16":{"start":{"line":54,"column":29},"end":{"line":54,"column":53}},"17":{"start":{"line":65,"column":33},"end":{"line":65,"column":63}},"18":{"start":{"line":81,"column":37},"end":{"line":81,"column":59}},"19":{"start":{"line":87,"column":24},"end":{"line":87,"column":47}},"20":{"start":{"line":88,"column":24},"end":{"line":88,"column":39}},"21":{"start":{"line":122,"column":23},"end":{"line":122,"column":48}},"22":{"start":{"line":128,"column":0},"end":{"line":128,"column":22}}},"fnMap":{"0":{"name":"(anonymous_1)","decl":{"start":{"line":20,"column":15},"end":{"line":20,"column":16}},"loc":{"start":{"line":20,"column":52},"end":{"line":126,"column":1}}},"1":{"name":"(anonymous_2)","decl":{"start":{"line":26,"column":23},"end":{"line":26,"column":28}},"loc":{"start":{"line":26,"column":34},"end":{"line":30,"column":3}}},"2":{"name":"(anonymous_3)","decl":{"start":{"line":54,"column":23},"end":{"line":54,"column":26}},"loc":{"start":{"line":54,"column":29},"end":{"line":54,"column":53}}},"3":{"name":"(anonymous_4)","decl":{"start":{"line":65,"column":27},"end":{"line":65,"column":30}},"loc":{"start":{"line":65,"column":33},"end":{"line":65,"column":63}}},"4":{"name":"(anonymous_5)","decl":{"start":{"line":81,"column":31},"end":{"line":81,"column":34}},"loc":{"start":{"line":81,"column":37},"end":{"line":81,"column":59}}},"5":{"name":"(anonymous_6)","decl":{"start":{"line":86,"column":31},"end":{"line":86,"column":34}},"loc":{"start":{"line":86,"column":36},"end":{"line":89,"column":23}}},"6":{"name":"(anonymous_7)","decl":{"start":{"line":122,"column":17},"end":{"line":122,"column":20}},"loc":{"start":{"line":122,"column":23},"end":{"line":122,"column":48}}}},"branchMap":{"0":{"loc":{"start":{"line":61,"column":13},"end":{"line":114,"column":null}},"type":"cond-expr","locations":[{"start":{"line":62,"column":14},"end":{"line":98,"column":null}},{"start":{"line":101,"column":14},"end":{"line":113,"column":null}}]},"1":{"loc":{"start":{"line":76,"column":17},"end":{"line":97,"column":null}},"type":"binary-expr","locations":[{"start":{"line":76,"column":17},"end":{"line":76,"column":29}},{"start":{"line":77,"column":18},"end":{"line":96,"column":null}}]}},"s":{"0":0,"1":0,"2":0,"3":0,"4":0,"5":0,"6":0,"7":0,"8":0,"9":0,"10":0,"11":0,"12":0,"13":0,"14":0,"15":0,"16":0,"17":0,"18":0,"19":0,"20":0,"21":0,"22":0},"f":{"0":0,"1":0,"2":0,"3":0,"4":0,"5":0,"6":0},"b":{"0":[0,0],"1":[0,0]}}
,"C:\\Users\\xrx41\\Documents\\Obsidian\\Main\\WORKSPACE\\10xDevs\\knowlegather\\src\\components\\resources\\ResourceItem.tsx": {"path":"C:\\Users\\xrx41\\Documents\\Obsidian\\Main\\WORKSPACE\\10xDevs\\knowlegather\\src\\components\\resources\\ResourceItem.tsx","statementMap":{"0":{"start":{"line":1,"column":0},"end":{"line":1,"column":68}},"1":{"start":{"line":2,"column":0},"end":{"line":2,"column":58}},"2":{"start":{"line":11,"column":21},"end":{"line":65,"column":1}},"3":{"start":{"line":13,"column":18},"end":{"line":24,"column":3}},"4":{"start":{"line":14,"column":4},"end":{"line":16,"column":5}},"5":{"start":{"line":15,"column":6},"end":{"line":15,"column":42}},"6":{"start":{"line":17,"column":4},"end":{"line":19,"column":5}},"7":{"start":{"line":18,"column":6},"end":{"line":18,"column":46}},"8":{"start":{"line":20,"column":4},"end":{"line":22,"column":5}},"9":{"start":{"line":21,"column":6},"end":{"line":21,"column":43}},"10":{"start":{"line":23,"column":4},"end":{"line":23,"column":44}},"11":{"start":{"line":26,"column":2},"end":{"line":64,"column":4}},"12":{"start":{"line":48,"column":16},"end":{"line":49,"column":null}},"13":{"start":{"line":67,"column":0},"end":{"line":67,"column":28}}},"fnMap":{"0":{"name":"(anonymous_0)","decl":{"start":{"line":11,"column":21},"end":{"line":11,"column":22}},"loc":{"start":{"line":11,"column":76},"end":{"line":65,"column":1}}},"1":{"name":"(anonymous_1)","decl":{"start":{"line":13,"column":18},"end":{"line":13,"column":21}},"loc":{"start":{"line":13,"column":23},"end":{"line":24,"column":3}}},"2":{"name":"(anonymous_2)","decl":{"start":{"line":47,"column":45},"end":{"line":47,"column":46}},"loc":{"start":{"line":48,"column":16},"end":{"line":49,"column":null}}}},"branchMap":{"0":{"loc":{"start":{"line":14,"column":4},"end":{"line":16,"column":5}},"type":"if","locations":[{"start":{"line":14,"column":4},"end":{"line":16,"column":5}},{"start":{},"end":{}}]},"1":{"loc":{"start":{"line":17,"column":4},"end":{"line":19,"column":5}},"type":"if","locations":[{"start":{"line":17,"column":4},"end":{"line":19,"column":5}},{"start":{},"end":{}}]},"2":{"loc":{"start":{"line":20,"column":4},"end":{"line":22,"column":5}},"type":"if","locations":[{"start":{"line":20,"column":4},"end":{"line":22,"column":5}},{"start":{},"end":{}}]},"3":{"loc":{"start":{"line":30,"column":8},"end":{"line":32,"column":null}},"type":"cond-expr","locations":[{"start":{"line":31,"column":12},"end":{"line":31,"column":57}},{"start":{"line":32,"column":12},"end":{"line":32,"column":null}}]},"4":{"loc":{"start":{"line":36,"column":44},"end":{"line":36,"column":81}},"type":"cond-expr","locations":[{"start":{"line":36,"column":55},"end":{"line":36,"column":68}},{"start":{"line":36,"column":71},"end":{"line":36,"column":81}}]},"5":{"loc":{"start":{"line":45,"column":11},"end":{"line":59,"column":null}},"type":"binary-expr","locations":[{"start":{"line":45,"column":11},"end":{"line":45,"column":24}},{"start":{"line":45,"column":28},"end":{"line":45,"column":52}},{"start":{"line":46,"column":12},"end":{"line":58,"column":null}}]},"6":{"loc":{"start":{"line":56,"column":15},"end":{"line":57,"column":null}},"type":"binary-expr","locations":[{"start":{"line":56,"column":15},"end":{"line":56,"column":39}},{"start":{"line":57,"column":16},"end":{"line":57,"column":90}}]}},"s":{"0":0,"1":0,"2":0,"3":0,"4":0,"5":0,"6":0,"7":0,"8":0,"9":0,"10":0,"11":0,"12":0,"13":0},"f":{"0":0,"1":0,"2":0},"b":{"0":[0,0],"1":[0,0],"2":[0,0],"3":[0,0],"4":[0,0],"5":[0,0,0],"6":[0,0]}}
,"C:\\Users\\xrx41\\Documents\\Obsidian\\Main\\WORKSPACE\\10xDevs\\knowlegather\\src\\components\\ui\\Button.tsx": {"path":"C:\\Users\\xrx41\\Documents\\Obsidian\\Main\\WORKSPACE\\10xDevs\\knowlegather\\src\\components\\ui\\Button.tsx","statementMap":{"0":{"start":{"line":2,"column":0},"end":{"line":2,"column":41}},"1":{"start":{"line":14,"column":15},"end":{"line":88,"column":1}},"2":{"start":{"line":26,"column":21},"end":{"line":26,"column":227}},"3":{"start":{"line":28,"column":19},"end":{"line":35,"column":4}},"4":{"start":{"line":37,"column":16},"end":{"line":41,"column":4}},"5":{"start":{"line":44,"column":4},"end":{"line":62,"column":null}},"6":{"start":{"line":66,"column":2},"end":{"line":87,"column":4}},"7":{"start":{"line":90,"column":0},"end":{"line":90,"column":22}}},"fnMap":{"0":{"name":"(anonymous_0)","decl":{"start":{"line":14,"column":15},"end":{"line":14,"column":16}},"loc":{"start":{"line":25,"column":18},"end":{"line":88,"column":1}}}},"branchMap":{"0":{"loc":{"start":{"line":16,"column":2},"end":{"line":16,"column":21}},"type":"default-arg","locations":[{"start":{"line":16,"column":12},"end":{"line":16,"column":21}}]},"1":{"loc":{"start":{"line":17,"column":2},"end":{"line":17,"column":13}},"type":"default-arg","locations":[{"start":{"line":17,"column":9},"end":{"line":17,"column":13}}]},"2":{"loc":{"start":{"line":19,"column":2},"end":{"line":19,"column":23}},"type":"default-arg","locations":[{"start":{"line":19,"column":17},"end":{"line":19,"column":23}}]},"3":{"loc":{"start":{"line":20,"column":2},"end":{"line":20,"column":19}},"type":"default-arg","locations":[{"start":{"line":20,"column":14},"end":{"line":20,"column":19}}]},"4":{"loc":{"start":{"line":21,"column":2},"end":{"line":21,"column":19}},"type":"default-arg","locations":[{"start":{"line":21,"column":14},"end":{"line":21,"column":19}}]},"5":{"loc":{"start":{"line":72,"column":8},"end":{"line":72,"column":33}},"type":"cond-expr","locations":[{"start":{"line":72,"column":20},"end":{"line":72,"column":28}},{"start":{"line":72,"column":31},"end":{"line":72,"column":33}}]},"6":{"loc":{"start":{"line":75,"column":16},"end":{"line":75,"column":37}},"type":"binary-expr","locations":[{"start":{"line":75,"column":16},"end":{"line":75,"column":24}},{"start":{"line":75,"column":28},"end":{"line":75,"column":37}}]},"7":{"loc":{"start":{"line":78,"column":7},"end":{"line":78,"column":34}},"type":"binary-expr","locations":[{"start":{"line":78,"column":7},"end":{"line":78,"column":16}},{"start":{"line":78,"column":20},"end":{"line":78,"column":34}}]},"8":{"loc":{"start":{"line":79,"column":7},"end":{"line":80,"column":null}},"type":"binary-expr","locations":[{"start":{"line":79,"column":7},"end":{"line":79,"column":17}},{"start":{"line":79,"column":21},"end":{"line":79,"column":25}},{"start":{"line":79,"column":29},"end":{"line":79,"column":52}},{"start":{"line":80,"column":8},"end":{"line":80,"column":44}}]},"9":{"loc":{"start":{"line":83,"column":7},"end":{"line":84,"column":null}},"type":"binary-expr","locations":[{"start":{"line":83,"column":7},"end":{"line":83,"column":17}},{"start":{"line":83,"column":21},"end":{"line":83,"column":25}},{"start":{"line":83,"column":29},"end":{"line":83,"column":53}},{"start":{"line":84,"column":8},"end":{"line":84,"column":44}}]}},"s":{"0":0,"1":0,"2":0,"3":0,"4":0,"5":0,"6":0,"7":0},"f":{"0":0},"b":{"0":[0],"1":[0],"2":[0],"3":[0],"4":[0],"5":[0,0],"6":[0,0],"7":[0,0],"8":[0,0,0,0],"9":[0,0,0,0]}}
,"C:\\Users\\xrx41\\Documents\\Obsidian\\Main\\WORKSPACE\\10xDevs\\knowlegather\\src\\components\\ui\\ConfirmationModal.tsx": {"path":"C:\\Users\\xrx41\\Documents\\Obsidian\\Main\\WORKSPACE\\10xDevs\\knowlegather\\src\\components\\ui\\ConfirmationModal.tsx","statementMap":{"0":{"start":{"line":2,"column":0},"end":{"line":2,"column":33}},"1":{"start":{"line":3,"column":0},"end":{"line":3,"column":30}},"2":{"start":{"line":16,"column":26},"end":{"line":57,"column":1}},"3":{"start":{"line":26,"column":2},"end":{"line":26,"column":27}},"4":{"start":{"line":26,"column":15},"end":{"line":26,"column":27}},"5":{"start":{"line":28,"column":2},"end":{"line":56,"column":4}},"6":{"start":{"line":59,"column":0},"end":{"line":59,"column":33}}},"fnMap":{"0":{"name":"(anonymous_1)","decl":{"start":{"line":16,"column":26},"end":{"line":16,"column":27}},"loc":{"start":{"line":25,"column":29},"end":{"line":57,"column":1}}}},"branchMap":{"0":{"loc":{"start":{"line":22,"column":2},"end":{"line":22,"column":27}},"type":"default-arg","locations":[{"start":{"line":22,"column":16},"end":{"line":22,"column":27}}]},"1":{"loc":{"start":{"line":23,"column":2},"end":{"line":23,"column":23}},"type":"default-arg","locations":[{"start":{"line":23,"column":15},"end":{"line":23,"column":23}}]},"2":{"loc":{"start":{"line":24,"column":2},"end":{"line":24,"column":28}},"type":"default-arg","locations":[{"start":{"line":24,"column":19},"end":{"line":24,"column":28}}]},"3":{"loc":{"start":{"line":26,"column":2},"end":{"line":26,"column":27}},"type":"if","locations":[{"start":{"line":26,"column":2},"end":{"line":26,"column":27}},{"start":{},"end":{}}]}},"s":{"0":0,"1":0,"2":0,"3":0,"4":0,"5":0,"6":0},"f":{"0":0},"b":{"0":[0],"1":[0],"2":[0],"3":[0,0]}}
,"C:\\Users\\xrx41\\Documents\\Obsidian\\Main\\WORKSPACE\\10xDevs\\knowlegather\\src\\components\\ui\\Input.tsx": {"path":"C:\\Users\\xrx41\\Documents\\Obsidian\\Main\\WORKSPACE\\10xDevs\\knowlegather\\src\\components\\ui\\Input.tsx","statementMap":{"0":{"start":{"line":1,"column":0},"end":{"line":1,"column":56}},"1":{"start":{"line":2,"column":0},"end":{"line":2,"column":41}},"2":{"start":{"line":10,"column":14},"end":{"line":40,"column":null}},"3":{"start":{"line":12,"column":20},"end":{"line":12,"column":68}},"4":{"start":{"line":14,"column":4},"end":{"line":39,"column":6}},"5":{"start":{"line":43,"column":0},"end":{"line":43,"column":28}},"6":{"start":{"line":45,"column":0},"end":{"line":45,"column":21}}},"fnMap":{"0":{"name":"(anonymous_0)","decl":{"start":{"line":11,"column":2},"end":{"line":11,"column":3}},"loc":{"start":{"line":11,"column":72},"end":{"line":40,"column":3}}}},"branchMap":{"0":{"loc":{"start":{"line":11,"column":19},"end":{"line":11,"column":36}},"type":"default-arg","locations":[{"start":{"line":11,"column":31},"end":{"line":11,"column":36}}]},"1":{"loc":{"start":{"line":12,"column":20},"end":{"line":12,"column":68}},"type":"binary-expr","locations":[{"start":{"line":12,"column":20},"end":{"line":12,"column":22}},{"start":{"line":12,"column":26},"end":{"line":12,"column":68}}]},"2":{"loc":{"start":{"line":15,"column":22},"end":{"line":15,"column":47}},"type":"cond-expr","locations":[{"start":{"line":15,"column":34},"end":{"line":15,"column":42}},{"start":{"line":15,"column":45},"end":{"line":15,"column":47}}]},"3":{"loc":{"start":{"line":16,"column":9},"end":{"line":22,"column":null}},"type":"binary-expr","locations":[{"start":{"line":16,"column":9},"end":{"line":16,"column":14}},{"start":{"line":17,"column":10},"end":{"line":21,"column":null}}]},"4":{"loc":{"start":{"line":29,"column":12},"end":{"line":29,"column":64}},"type":"cond-expr","locations":[{"start":{"line":29,"column":20},"end":{"line":29,"column":59}},{"start":{"line":29,"column":62},"end":{"line":29,"column":64}}]},"5":{"loc":{"start":{"line":30,"column":12},"end":{"line":30,"column":37}},"type":"cond-expr","locations":[{"start":{"line":30,"column":24},"end":{"line":30,"column":32}},{"start":{"line":30,"column":35},"end":{"line":30,"column":37}}]},"6":{"loc":{"start":{"line":35,"column":9},"end":{"line":36,"column":null}},"type":"binary-expr","locations":[{"start":{"line":35,"column":9},"end":{"line":35,"column":14}},{"start":{"line":36,"column":10},"end":{"line":36,"column":64}}]}},"s":{"0":0,"1":0,"2":0,"3":0,"4":0,"5":0,"6":0},"f":{"0":0},"b":{"0":[0],"1":[0,0],"2":[0,0],"3":[0,0],"4":[0,0],"5":[0,0],"6":[0,0]}}
,"C:\\Users\\xrx41\\Documents\\Obsidian\\Main\\WORKSPACE\\10xDevs\\knowlegather\\src\\components\\ui\\LoadingScreen.tsx": {"path":"C:\\Users\\xrx41\\Documents\\Obsidian\\Main\\WORKSPACE\\10xDevs\\knowlegather\\src\\components\\ui\\LoadingScreen.tsx","statementMap":{"0":{"start":{"line":1,"column":0},"end":{"line":1,"column":40}},"1":{"start":{"line":3,"column":22},"end":{"line":19,"column":1}},"2":{"start":{"line":4,"column":2},"end":{"line":18,"column":4}},"3":{"start":{"line":21,"column":0},"end":{"line":21,"column":29}}},"fnMap":{"0":{"name":"(anonymous_0)","decl":{"start":{"line":3,"column":22},"end":{"line":3,"column":25}},"loc":{"start":{"line":3,"column":27},"end":{"line":19,"column":1}}}},"branchMap":{},"s":{"0":0,"1":0,"2":0,"3":0},"f":{"0":0},"b":{}}
,"C:\\Users\\xrx41\\Documents\\Obsidian\\Main\\WORKSPACE\\10xDevs\\knowlegather\\src\\components\\ui\\LogViewer.tsx": {"path":"C:\\Users\\xrx41\\Documents\\Obsidian\\Main\\WORKSPACE\\10xDevs\\knowlegather\\src\\components\\ui\\LogViewer.tsx","statementMap":{"0":{"start":{"line":1,"column":0},"end":{"line":1,"column":52}},"1":{"start":{"line":2,"column":0},"end":{"line":2,"column":79}},"2":{"start":{"line":3,"column":0},"end":{"line":3,"column":30}},"3":{"start":{"line":18,"column":18},"end":{"line":228,"column":1}},"4":{"start":{"line":19,"column":26},"end":{"line":19,"column":50}},"5":{"start":{"line":20,"column":38},"end":{"line":20,"column":52}},"6":{"start":{"line":21,"column":21},"end":{"line":21,"column":49}},"7":{"start":{"line":24,"column":2},"end":{"line":83,"column":15}},"8":{"start":{"line":25,"column":4},"end":{"line":25,"column":24}},"9":{"start":{"line":25,"column":17},"end":{"line":25,"column":24}},"10":{"start":{"line":27,"column":28},"end":{"line":33,"column":6}},"11":{"start":{"line":35,"column":19},"end":{"line":49,"column":5}},"12":{"start":{"line":36,"column":22},"end":{"line":38,"column":17}},"13":{"start":{"line":37,"column":8},"end":{"line":37,"column":76}},"14":{"start":{"line":40,"column":33},"end":{"line":46,"column":8}},"15":{"start":{"line":48,"column":6},"end":{"line":48,"column":43}},"16":{"start":{"line":48,"column":22},"end":{"line":48,"column":41}},"17":{"start":{"line":51,"column":4},"end":{"line":54,"column":6}},"18":{"start":{"line":52,"column":6},"end":{"line":52,"column":35}},"19":{"start":{"line":53,"column":6},"end":{"line":53,"column":30}},"20":{"start":{"line":56,"column":4},"end":{"line":59,"column":6}},"21":{"start":{"line":57,"column":6},"end":{"line":57,"column":37}},"22":{"start":{"line":58,"column":6},"end":{"line":58,"column":31}},"23":{"start":{"line":61,"column":4},"end":{"line":64,"column":6}},"24":{"start":{"line":62,"column":6},"end":{"line":62,"column":36}},"25":{"start":{"line":63,"column":6},"end":{"line":63,"column":30}},"26":{"start":{"line":66,"column":4},"end":{"line":69,"column":6}},"27":{"start":{"line":67,"column":6},"end":{"line":67,"column":36}},"28":{"start":{"line":68,"column":6},"end":{"line":68,"column":30}},"29":{"start":{"line":71,"column":4},"end":{"line":74,"column":6}},"30":{"start":{"line":72,"column":6},"end":{"line":72,"column":37}},"31":{"start":{"line":73,"column":6},"end":{"line":73,"column":31}},"32":{"start":{"line":76,"column":4},"end":{"line":82,"column":6}},"33":{"start":{"line":77,"column":6},"end":{"line":77,"column":40}},"34":{"start":{"line":78,"column":6},"end":{"line":78,"column":44}},"35":{"start":{"line":79,"column":6},"end":{"line":79,"column":42}},"36":{"start":{"line":80,"column":6},"end":{"line":80,"column":42}},"37":{"start":{"line":81,"column":6},"end":{"line":81,"column":44}},"38":{"start":{"line":86,"column":2},"end":{"line":90,"column":25}},"39":{"start":{"line":87,"column":4},"end":{"line":89,"column":5}},"40":{"start":{"line":88,"column":6},"end":{"line":88,"column":64}},"41":{"start":{"line":92,"column":20},"end":{"line":94,"column":3}},"42":{"start":{"line":93,"column":4},"end":{"line":93,"column":16}},"43":{"start":{"line":96,"column":19},"end":{"line":102,"column":3}},"44":{"start":{"line":97,"column":20},"end":{"line":99,"column":16}},"45":{"start":{"line":98,"column":6},"end":{"line":98,"column":83}},"46":{"start":{"line":101,"column":4},"end":{"line":101,"column":43}},"47":{"start":{"line":104,"column":23},"end":{"line":117,"column":3}},"48":{"start":{"line":105,"column":4},"end":{"line":116,"column":5}},"49":{"start":{"line":107,"column":8},"end":{"line":107,"column":64}},"50":{"start":{"line":109,"column":8},"end":{"line":109,"column":67}},"51":{"start":{"line":111,"column":8},"end":{"line":111,"column":58}},"52":{"start":{"line":113,"column":8},"end":{"line":113,"column":66}},"53":{"start":{"line":115,"column":8},"end":{"line":115,"column":58}},"54":{"start":{"line":119,"column":24},"end":{"line":132,"column":3}},"55":{"start":{"line":120,"column":4},"end":{"line":131,"column":5}},"56":{"start":{"line":122,"column":8},"end":{"line":122,"column":55}},"57":{"start":{"line":124,"column":8},"end":{"line":124,"column":64}},"58":{"start":{"line":126,"column":8},"end":{"line":126,"column":58}},"59":{"start":{"line":128,"column":8},"end":{"line":128,"column":61}},"60":{"start":{"line":130,"column":8},"end":{"line":130,"column":58}},"61":{"start":{"line":134,"column":2},"end":{"line":134,"column":27}},"62":{"start":{"line":134,"column":15},"end":{"line":134,"column":27}},"63":{"start":{"line":136,"column":2},"end":{"line":227,"column":4}},"64":{"start":{"line":147,"column":33},"end":{"line":147,"column":64}},"65":{"start":{"line":187,"column":14},"end":{"line":188,"column":null}},"66":{"start":{"line":230,"column":0},"end":{"line":230,"column":25}}},"fnMap":{"0":{"name":"(anonymous_1)","decl":{"start":{"line":18,"column":18},"end":{"line":18,"column":19}},"loc":{"start":{"line":18,"column":58},"end":{"line":228,"column":1}}},"1":{"name":"(anonymous_2)","decl":{"start":{"line":24,"column":12},"end":{"line":24,"column":15}},"loc":{"start":{"line":24,"column":17},"end":{"line":83,"column":3}}},"2":{"name":"(anonymous_3)","decl":{"start":{"line":35,"column":19},"end":{"line":35,"column":20}},"loc":{"start":{"line":35,"column":64},"end":{"line":49,"column":5}}},"3":{"name":"(anonymous_4)","decl":{"start":{"line":36,"column":31},"end":{"line":36,"column":34}},"loc":{"start":{"line":37,"column":8},"end":{"line":37,"column":76}}},"4":{"name":"(anonymous_5)","decl":{"start":{"line":48,"column":14},"end":{"line":48,"column":18}},"loc":{"start":{"line":48,"column":22},"end":{"line":48,"column":41}}},"5":{"name":"(anonymous_6)","decl":{"start":{"line":51,"column":18},"end":{"line":51,"column":19}},"loc":{"start":{"line":51,"column":30},"end":{"line":54,"column":5}}},"6":{"name":"(anonymous_7)","decl":{"start":{"line":56,"column":20},"end":{"line":56,"column":21}},"loc":{"start":{"line":56,"column":32},"end":{"line":59,"column":5}}},"7":{"name":"(anonymous_8)","decl":{"start":{"line":61,"column":19},"end":{"line":61,"column":20}},"loc":{"start":{"line":61,"column":31},"end":{"line":64,"column":5}}},"8":{"name":"(anonymous_9)","decl":{"start":{"line":66,"column":19},"end":{"line":66,"column":20}},"loc":{"start":{"line":66,"column":31},"end":{"line":69,"column":5}}},"9":{"name":"(anonymous_10)","decl":{"start":{"line":71,"column":20},"end":{"line":71,"column":21}},"loc":{"start":{"line":71,"column":32},"end":{"line":74,"column":5}}},"10":{"name":"(anonymous_11)","decl":{"start":{"line":76,"column":11},"end":{"line":76,"column":14}},"loc":{"start":{"line":76,"column":16},"end":{"line":82,"column":5}}},"11":{"name":"(anonymous_12)","decl":{"start":{"line":86,"column":12},"end":{"line":86,"column":15}},"loc":{"start":{"line":86,"column":17},"end":{"line":90,"column":3}}},"12":{"name":"(anonymous_13)","decl":{"start":{"line":92,"column":20},"end":{"line":92,"column":23}},"loc":{"start":{"line":92,"column":25},"end":{"line":94,"column":3}}},"13":{"name":"(anonymous_14)","decl":{"start":{"line":96,"column":19},"end":{"line":96,"column":22}},"loc":{"start":{"line":96,"column":24},"end":{"line":102,"column":3}}},"14":{"name":"(anonymous_15)","decl":{"start":{"line":97,"column":29},"end":{"line":97,"column":32}},"loc":{"start":{"line":98,"column":6},"end":{"line":98,"column":83}}},"15":{"name":"(anonymous_16)","decl":{"start":{"line":104,"column":23},"end":{"line":104,"column":24}},"loc":{"start":{"line":104,"column":52},"end":{"line":117,"column":3}}},"16":{"name":"(anonymous_17)","decl":{"start":{"line":119,"column":24},"end":{"line":119,"column":25}},"loc":{"start":{"line":119,"column":53},"end":{"line":132,"column":3}}},"17":{"name":"(anonymous_18)","decl":{"start":{"line":147,"column":26},"end":{"line":147,"column":27}},"loc":{"start":{"line":147,"column":33},"end":{"line":147,"column":64}}},"18":{"name":"(anonymous_19)","decl":{"start":{"line":186,"column":21},"end":{"line":186,"column":22}},"loc":{"start":{"line":187,"column":14},"end":{"line":188,"column":null}}}},"branchMap":{"0":{"loc":{"start":{"line":25,"column":4},"end":{"line":25,"column":24}},"type":"if","locations":[{"start":{"line":25,"column":4},"end":{"line":25,"column":24}},{"start":{},"end":{}}]},"1":{"loc":{"start":{"line":37,"column":8},"end":{"line":37,"column":76}},"type":"cond-expr","locations":[{"start":{"line":37,"column":34},"end":{"line":37,"column":62}},{"start":{"line":37,"column":65},"end":{"line":37,"column":76}}]},"2":{"loc":{"start":{"line":45,"column":17},"end":{"line":45,"column":51}},"type":"cond-expr","locations":[{"start":{"line":45,"column":35},"end":{"line":45,"column":39}},{"start":{"line":45,"column":42},"end":{"line":45,"column":51}}]},"3":{"loc":{"start":{"line":87,"column":4},"end":{"line":89,"column":5}},"type":"if","locations":[{"start":{"line":87,"column":4},"end":{"line":89,"column":5}},{"start":{},"end":{}}]},"4":{"loc":{"start":{"line":87,"column":8},"end":{"line":87,"column":40}},"type":"binary-expr","locations":[{"start":{"line":87,"column":8},"end":{"line":87,"column":18}},{"start":{"line":87,"column":22},"end":{"line":87,"column":40}}]},"5":{"loc":{"start":{"line":105,"column":4},"end":{"line":116,"column":5}},"type":"switch","locations":[{"start":{"line":106,"column":6},"end":{"line":107,"column":64}},{"start":{"line":108,"column":6},"end":{"line":109,"column":67}},{"start":{"line":110,"column":6},"end":{"line":111,"column":58}},{"start":{"line":112,"column":6},"end":{"line":113,"column":66}},{"start":{"line":114,"column":6},"end":{"line":115,"column":58}}]},"6":{"loc":{"start":{"line":120,"column":4},"end":{"line":131,"column":5}},"type":"switch","locations":[{"start":{"line":121,"column":6},"end":{"line":122,"column":55}},{"start":{"line":123,"column":6},"end":{"line":124,"column":64}},{"start":{"line":125,"column":6},"end":{"line":126,"column":58}},{"start":{"line":127,"column":6},"end":{"line":128,"column":61}},{"start":{"line":129,"column":6},"end":{"line":130,"column":58}}]},"7":{"loc":{"start":{"line":134,"column":2},"end":{"line":134,"column":27}},"type":"if","locations":[{"start":{"line":134,"column":2},"end":{"line":134,"column":27}},{"start":{},"end":{}}]},"8":{"loc":{"start":{"line":181,"column":11},"end":{"line":216,"column":null}},"type":"cond-expr","locations":[{"start":{"line":182,"column":12},"end":{"line":182,"column":null}},{"start":{"line":186,"column":12},"end":{"line":216,"column":14}}]},"9":{"loc":{"start":{"line":203,"column":21},"end":{"line":211,"column":null}},"type":"binary-expr","locations":[{"start":{"line":203,"column":21},"end":{"line":203,"column":32}},{"start":{"line":204,"column":22},"end":{"line":210,"column":null}}]}},"s":{"0":0,"1":0,"2":0,"3":0,"4":0,"5":0,"6":0,"7":0,"8":0,"9":0,"10":0,"11":0,"12":0,"13":0,"14":0,"15":0,"16":0,"17":0,"18":0,"19":0,"20":0,"21":0,"22":0,"23":0,"24":0,"25":0,"26":0,"27":0,"28":0,"29":0,"30":0,"31":0,"32":0,"33":0,"34":0,"35":0,"36":0,"37":0,"38":0,"39":0,"40":0,"41":0,"42":0,"43":0,"44":0,"45":0,"46":0,"47":0,"48":0,"49":0,"50":0,"51":0,"52":0,"53":0,"54":0,"55":0,"56":0,"57":0,"58":0,"59":0,"60":0,"61":0,"62":0,"63":0,"64":0,"65":0,"66":0},"f":{"0":0,"1":0,"2":0,"3":0,"4":0,"5":0,"6":0,"7":0,"8":0,"9":0,"10":0,"11":0,"12":0,"13":0,"14":0,"15":0,"16":0,"17":0,"18":0},"b":{"0":[0,0],"1":[0,0],"2":[0,0],"3":[0,0],"4":[0,0],"5":[0,0,0,0,0],"6":[0,0,0,0,0],"7":[0,0],"8":[0,0],"9":[0,0]}}
,"C:\\Users\\xrx41\\Documents\\Obsidian\\Main\\WORKSPACE\\10xDevs\\knowlegather\\src\\layouts\\AuthLayout.tsx": {"path":"C:\\Users\\xrx41\\Documents\\Obsidian\\Main\\WORKSPACE\\10xDevs\\knowlegather\\src\\layouts\\AuthLayout.tsx","statementMap":{"0":{"start":{"line":1,"column":0},"end":{"line":1,"column":42}},"1":{"start":{"line":2,"column":0},"end":{"line":2,"column":40}},"2":{"start":{"line":4,"column":19},"end":{"line":24,"column":1}},"3":{"start":{"line":5,"column":2},"end":{"line":23,"column":4}},"4":{"start":{"line":26,"column":0},"end":{"line":26,"column":26}}},"fnMap":{"0":{"name":"(anonymous_0)","decl":{"start":{"line":4,"column":19},"end":{"line":4,"column":22}},"loc":{"start":{"line":4,"column":24},"end":{"line":24,"column":1}}}},"branchMap":{},"s":{"0":0,"1":0,"2":0,"3":0,"4":0},"f":{"0":0},"b":{}}
,"C:\\Users\\xrx41\\Documents\\Obsidian\\Main\\WORKSPACE\\10xDevs\\knowlegather\\src\\layouts\\MainLayout.tsx": {"path":"C:\\Users\\xrx41\\Documents\\Obsidian\\Main\\WORKSPACE\\10xDevs\\knowlegather\\src\\layouts\\MainLayout.tsx","statementMap":{"0":{"start":{"line":1,"column":0},"end":{"line":1,"column":42}},"1":{"start":{"line":2,"column":0},"end":{"line":2,"column":53}},"2":{"start":{"line":3,"column":0},"end":{"line":3,"column":33}},"3":{"start":{"line":4,"column":0},"end":{"line":4,"column":74}},"4":{"start":{"line":5,"column":0},"end":{"line":5,"column":53}},"5":{"start":{"line":7,"column":19},"end":{"line":84,"column":1}},"6":{"start":{"line":8,"column":40},"end":{"line":8,"column":54}},"7":{"start":{"line":9,"column":19},"end":{"line":9,"column":32}},"8":{"start":{"line":11,"column":26},"end":{"line":27,"column":4}},"9":{"start":{"line":29,"column":2},"end":{"line":83,"column":4}},"10":{"start":{"line":31,"column":37},"end":{"line":31,"column":65}},"11":{"start":{"line":50,"column":29},"end":{"line":50,"column":38}},"12":{"start":{"line":51,"column":33},"end":{"line":52,"column":80}},"13":{"start":{"line":54,"column":16},"end":{"line":69,"column":18}},"14":{"start":{"line":86,"column":0},"end":{"line":86,"column":26}}},"fnMap":{"0":{"name":"(anonymous_1)","decl":{"start":{"line":7,"column":19},"end":{"line":7,"column":22}},"loc":{"start":{"line":7,"column":24},"end":{"line":84,"column":1}}},"1":{"name":"(anonymous_2)","decl":{"start":{"line":31,"column":31},"end":{"line":31,"column":34}},"loc":{"start":{"line":31,"column":37},"end":{"line":31,"column":65}}},"2":{"name":"(anonymous_3)","decl":{"start":{"line":49,"column":35},"end":{"line":49,"column":36}},"loc":{"start":{"line":49,"column":44},"end":{"line":70,"column":15}}}},"branchMap":{"0":{"loc":{"start":{"line":37,"column":12},"end":{"line":37,"column":null}},"type":"cond-expr","locations":[{"start":{"line":37,"column":26},"end":{"line":37,"column":32}},{"start":{"line":37,"column":35},"end":{"line":37,"column":null}}]},"1":{"loc":{"start":{"line":51,"column":33},"end":{"line":52,"column":80}},"type":"binary-expr","locations":[{"start":{"line":51,"column":33},"end":{"line":51,"column":64}},{"start":{"line":52,"column":19},"end":{"line":52,"column":36}},{"start":{"line":52,"column":40},"end":{"line":52,"column":79}}]},"2":{"loc":{"start":{"line":59,"column":22},"end":{"line":61,"column":null}},"type":"cond-expr","locations":[{"start":{"line":60,"column":26},"end":{"line":60,"column":58}},{"start":{"line":61,"column":26},"end":{"line":61,"column":null}}]},"3":{"loc":{"start":{"line":65,"column":22},"end":{"line":65,"column":null}},"type":"cond-expr","locations":[{"start":{"line":65,"column":33},"end":{"line":65,"column":51}},{"start":{"line":65,"column":54},"end":{"line":65,"column":null}}]}},"s":{"0":0,"1":0,"2":0,"3":0,"4":0,"5":0,"6":0,"7":0,"8":0,"9":0,"10":0,"11":0,"12":0,"13":0,"14":0},"f":{"0":0,"1":0,"2":0},"b":{"0":[0,0],"1":[0,0,0],"2":[0,0],"3":[0,0]}}
,"C:\\Users\\xrx41\\Documents\\Obsidian\\Main\\WORKSPACE\\10xDevs\\knowlegather\\src\\lib\\dateUtils.ts": {"path":"C:\\Users\\xrx41\\Documents\\Obsidian\\Main\\WORKSPACE\\10xDevs\\knowlegather\\src\\lib\\dateUtils.ts","statementMap":{"0":{"start":{"line":1,"column":0},"end":{"line":1,"column":16}},"1":{"start":{"line":9,"column":0},"end":{"line":9,"column":16}},"2":{"start":{"line":19,"column":0},"end":{"line":19,"column":16}},"3":{"start":{"line":2,"column":2},"end":{"line":6,"column":18}},"4":{"start":{"line":10,"column":2},"end":{"line":16,"column":18}},"5":{"start":{"line":20,"column":14},"end":{"line":20,"column":24}},"6":{"start":{"line":21,"column":24},"end":{"line":21,"column":75}},"7":{"start":{"line":23,"column":2},"end":{"line":25,"column":3}},"8":{"start":{"line":24,"column":4},"end":{"line":24,"column":26}},"9":{"start":{"line":27,"column":24},"end":{"line":27,"column":54}},"10":{"start":{"line":28,"column":2},"end":{"line":30,"column":3}},"11":{"start":{"line":29,"column":4},"end":{"line":29,"column":96}},"12":{"start":{"line":32,"column":22},"end":{"line":32,"column":52}},"13":{"start":{"line":33,"column":2},"end":{"line":35,"column":3}},"14":{"start":{"line":34,"column":4},"end":{"line":34,"column":95}},"15":{"start":{"line":37,"column":21},"end":{"line":37,"column":49}},"16":{"start":{"line":38,"column":2},"end":{"line":40,"column":3}},"17":{"start":{"line":39,"column":4},"end":{"line":39,"column":84}},"18":{"start":{"line":42,"column":22},"end":{"line":42,"column":48}},"19":{"start":{"line":43,"column":2},"end":{"line":45,"column":3}},"20":{"start":{"line":44,"column":4},"end":{"line":44,"column":97}},"21":{"start":{"line":47,"column":23},"end":{"line":47,"column":50}},"22":{"start":{"line":48,"column":2},"end":{"line":50,"column":3}},"23":{"start":{"line":49,"column":4},"end":{"line":49,"column":100}},"24":{"start":{"line":52,"column":22},"end":{"line":52,"column":50}},"25":{"start":{"line":53,"column":2},"end":{"line":53,"column":83}},"26":{"start":{"line":58,"column":2},"end":{"line":60,"column":3}},"27":{"start":{"line":59,"column":4},"end":{"line":59,"column":17}},"28":{"start":{"line":62,"column":2},"end":{"line":64,"column":3}},"29":{"start":{"line":63,"column":4},"end":{"line":63,"column":17}},"30":{"start":{"line":66,"column":2},"end":{"line":66,"column":15}}},"fnMap":{"0":{"name":"formatDate","decl":{"start":{"line":1,"column":16},"end":{"line":1,"column":26}},"loc":{"start":{"line":1,"column":37},"end":{"line":7,"column":1}}},"1":{"name":"formatDateTime","decl":{"start":{"line":9,"column":16},"end":{"line":9,"column":30}},"loc":{"start":{"line":9,"column":41},"end":{"line":17,"column":1}}},"2":{"name":"formatDistanceToNow","decl":{"start":{"line":19,"column":16},"end":{"line":19,"column":35}},"loc":{"start":{"line":19,"column":46},"end":{"line":54,"column":1}}},"3":{"name":"getPluralForm","decl":{"start":{"line":57,"column":9},"end":{"line":57,"column":22}},"loc":{"start":{"line":57,"column":81},"end":{"line":67,"column":1}}}},"branchMap":{"0":{"loc":{"start":{"line":23,"column":2},"end":{"line":25,"column":3}},"type":"if","locations":[{"start":{"line":23,"column":2},"end":{"line":25,"column":3}},{"start":{},"end":{}}]},"1":{"loc":{"start":{"line":28,"column":2},"end":{"line":30,"column":3}},"type":"if","locations":[{"start":{"line":28,"column":2},"end":{"line":30,"column":3}},{"start":{},"end":{}}]},"2":{"loc":{"start":{"line":33,"column":2},"end":{"line":35,"column":3}},"type":"if","locations":[{"start":{"line":33,"column":2},"end":{"line":35,"column":3}},{"start":{},"end":{}}]},"3":{"loc":{"start":{"line":38,"column":2},"end":{"line":40,"column":3}},"type":"if","locations":[{"start":{"line":38,"column":2},"end":{"line":40,"column":3}},{"start":{},"end":{}}]},"4":{"loc":{"start":{"line":43,"column":2},"end":{"line":45,"column":3}},"type":"if","locations":[{"start":{"line":43,"column":2},"end":{"line":45,"column":3}},{"start":{},"end":{}}]},"5":{"loc":{"start":{"line":48,"column":2},"end":{"line":50,"column":3}},"type":"if","locations":[{"start":{"line":48,"column":2},"end":{"line":50,"column":3}},{"start":{},"end":{}}]},"6":{"loc":{"start":{"line":58,"column":2},"end":{"line":60,"column":3}},"type":"if","locations":[{"start":{"line":58,"column":2},"end":{"line":60,"column":3}},{"start":{},"end":{}}]},"7":{"loc":{"start":{"line":62,"column":2},"end":{"line":64,"column":3}},"type":"if","locations":[{"start":{"line":62,"column":2},"end":{"line":64,"column":3}},{"start":{},"end":{}}]},"8":{"loc":{"start":{"line":62,"column":6},"end":{"line":62,"column":83}},"type":"binary-expr","locations":[{"start":{"line":62,"column":6},"end":{"line":62,"column":21}},{"start":{"line":62,"column":25},"end":{"line":62,"column":40}},{"start":{"line":62,"column":45},"end":{"line":62,"column":61}},{"start":{"line":62,"column":65},"end":{"line":62,"column":82}}]}},"s":{"0":0,"1":0,"2":0,"3":0,"4":0,"5":0,"6":0,"7":0,"8":0,"9":0,"10":0,"11":0,"12":0,"13":0,"14":0,"15":0,"16":0,"17":0,"18":0,"19":0,"20":0,"21":0,"22":0,"23":0,"24":0,"25":0,"26":0,"27":0,"28":0,"29":0,"30":0},"f":{"0":0,"1":0,"2":0,"3":0},"b":{"0":[0,0],"1":[0,0],"2":[0,0],"3":[0,0],"4":[0,0],"5":[0,0],"6":[0,0],"7":[0,0],"8":[0,0,0,0]}}
,"C:\\Users\\xrx41\\Documents\\Obsidian\\Main\\WORKSPACE\\10xDevs\\knowlegather\\src\\lib\\supabase.ts": {"path":"C:\\Users\\xrx41\\Documents\\Obsidian\\Main\\WORKSPACE\\10xDevs\\knowlegather\\src\\lib\\supabase.ts","statementMap":{"0":{"start":{"line":8,"column":0},"end":{"line":8,"column":7}},"1":{"start":{"line":23,"column":0},"end":{"line":23,"column":7}},"2":{"start":{"line":39,"column":0},"end":{"line":39,"column":7}},"3":{"start":{"line":54,"column":0},"end":{"line":54,"column":7}},"4":{"start":{"line":69,"column":0},"end":{"line":69,"column":7}},"5":{"start":{"line":85,"column":0},"end":{"line":85,"column":7}},"6":{"start":{"line":100,"column":0},"end":{"line":100,"column":7}},"7":{"start":{"line":114,"column":0},"end":{"line":114,"column":7}},"8":{"start":{"line":128,"column":0},"end":{"line":128,"column":7}},"9":{"start":{"line":143,"column":0},"end":{"line":143,"column":7}},"10":{"start":{"line":1,"column":0},"end":{"line":1,"column":53}},"11":{"start":{"line":3,"column":20},"end":{"line":3,"column":53}},"12":{"start":{"line":4,"column":24},"end":{"line":4,"column":62}},"13":{"start":{"line":6,"column":13},"end":{"line":6,"column":67}},"14":{"start":{"line":9,"column":26},"end":{"line":13,"column":46}},"15":{"start":{"line":15,"column":2},"end":{"line":18,"column":3}},"16":{"start":{"line":16,"column":4},"end":{"line":16,"column":56}},"17":{"start":{"line":17,"column":4},"end":{"line":17,"column":35}},"18":{"start":{"line":20,"column":2},"end":{"line":20,"column":14}},"19":{"start":{"line":24,"column":26},"end":{"line":29,"column":13}},"20":{"start":{"line":31,"column":2},"end":{"line":34,"column":3}},"21":{"start":{"line":32,"column":4},"end":{"line":32,"column":55}},"22":{"start":{"line":33,"column":4},"end":{"line":33,"column":35}},"23":{"start":{"line":36,"column":2},"end":{"line":36,"column":14}},"24":{"start":{"line":40,"column":26},"end":{"line":44,"column":46}},"25":{"start":{"line":46,"column":2},"end":{"line":49,"column":3}},"26":{"start":{"line":47,"column":4},"end":{"line":47,"column":54}},"27":{"start":{"line":48,"column":4},"end":{"line":48,"column":35}},"28":{"start":{"line":51,"column":2},"end":{"line":51,"column":14}},"29":{"start":{"line":55,"column":26},"end":{"line":59,"column":13}},"30":{"start":{"line":61,"column":2},"end":{"line":64,"column":3}},"31":{"start":{"line":62,"column":4},"end":{"line":62,"column":53}},"32":{"start":{"line":63,"column":4},"end":{"line":63,"column":35}},"33":{"start":{"line":66,"column":2},"end":{"line":66,"column":14}},"34":{"start":{"line":70,"column":26},"end":{"line":75,"column":13}},"35":{"start":{"line":77,"column":2},"end":{"line":80,"column":3}},"36":{"start":{"line":78,"column":4},"end":{"line":78,"column":55}},"37":{"start":{"line":79,"column":4},"end":{"line":79,"column":35}},"38":{"start":{"line":82,"column":2},"end":{"line":82,"column":17}},"39":{"start":{"line":86,"column":26},"end":{"line":90,"column":13}},"40":{"start":{"line":92,"column":2},"end":{"line":95,"column":3}},"41":{"start":{"line":93,"column":4},"end":{"line":93,"column":55}},"42":{"start":{"line":94,"column":4},"end":{"line":94,"column":35}},"43":{"start":{"line":97,"column":2},"end":{"line":97,"column":17}},"44":{"start":{"line":101,"column":20},"end":{"line":104,"column":17}},"45":{"start":{"line":106,"column":2},"end":{"line":109,"column":3}},"46":{"start":{"line":107,"column":4},"end":{"line":107,"column":55}},"47":{"start":{"line":108,"column":4},"end":{"line":108,"column":35}},"48":{"start":{"line":111,"column":2},"end":{"line":111,"column":14}},"49":{"start":{"line":115,"column":26},"end":{"line":118,"column":13}},"50":{"start":{"line":120,"column":2},"end":{"line":123,"column":3}},"51":{"start":{"line":121,"column":4},"end":{"line":121,"column":53}},"52":{"start":{"line":122,"column":4},"end":{"line":122,"column":35}},"53":{"start":{"line":125,"column":2},"end":{"line":125,"column":17}},"54":{"start":{"line":129,"column":26},"end":{"line":133,"column":13}},"55":{"start":{"line":135,"column":2},"end":{"line":138,"column":3}},"56":{"start":{"line":136,"column":4},"end":{"line":136,"column":53}},"57":{"start":{"line":137,"column":4},"end":{"line":137,"column":35}},"58":{"start":{"line":140,"column":2},"end":{"line":140,"column":17}},"59":{"start":{"line":144,"column":20},"end":{"line":147,"column":17}},"60":{"start":{"line":149,"column":2},"end":{"line":152,"column":3}},"61":{"start":{"line":150,"column":4},"end":{"line":150,"column":53}},"62":{"start":{"line":151,"column":4},"end":{"line":151,"column":35}},"63":{"start":{"line":154,"column":2},"end":{"line":154,"column":14}}},"fnMap":{"0":{"name":"fetchCollections","decl":{"start":{"line":8,"column":22},"end":{"line":8,"column":38}},"loc":{"start":{"line":8,"column":53},"end":{"line":21,"column":1}}},"1":{"name":"fetchCollectionById","decl":{"start":{"line":23,"column":22},"end":{"line":23,"column":41}},"loc":{"start":{"line":23,"column":68},"end":{"line":37,"column":1}}},"2":{"name":"fetchResourcesByCollectionId","decl":{"start":{"line":39,"column":22},"end":{"line":39,"column":50}},"loc":{"start":{"line":39,"column":71},"end":{"line":52,"column":1}}},"3":{"name":"fetchResourceById","decl":{"start":{"line":54,"column":22},"end":{"line":54,"column":39}},"loc":{"start":{"line":54,"column":50},"end":{"line":67,"column":1}}},"4":{"name":"createCollection","decl":{"start":{"line":69,"column":22},"end":{"line":69,"column":38}},"loc":{"start":{"line":69,"column":74},"end":{"line":83,"column":1}}},"5":{"name":"updateCollection","decl":{"start":{"line":85,"column":22},"end":{"line":85,"column":38}},"loc":{"start":{"line":85,"column":70},"end":{"line":98,"column":1}}},"6":{"name":"deleteCollection","decl":{"start":{"line":100,"column":22},"end":{"line":100,"column":38}},"loc":{"start":{"line":100,"column":49},"end":{"line":112,"column":1}}},"7":{"name":"createResource","decl":{"start":{"line":114,"column":22},"end":{"line":114,"column":36}},"loc":{"start":{"line":114,"column":54},"end":{"line":126,"column":1}}},"8":{"name":"updateResource","decl":{"start":{"line":128,"column":22},"end":{"line":128,"column":36}},"loc":{"start":{"line":128,"column":66},"end":{"line":141,"column":1}}},"9":{"name":"deleteResource","decl":{"start":{"line":143,"column":22},"end":{"line":143,"column":36}},"loc":{"start":{"line":143,"column":47},"end":{"line":155,"column":1}}}},"branchMap":{"0":{"loc":{"start":{"line":15,"column":2},"end":{"line":18,"column":3}},"type":"if","locations":[{"start":{"line":15,"column":2},"end":{"line":18,"column":3}},{"start":{},"end":{}}]},"1":{"loc":{"start":{"line":31,"column":2},"end":{"line":34,"column":3}},"type":"if","locations":[{"start":{"line":31,"column":2},"end":{"line":34,"column":3}},{"start":{},"end":{}}]},"2":{"loc":{"start":{"line":46,"column":2},"end":{"line":49,"column":3}},"type":"if","locations":[{"start":{"line":46,"column":2},"end":{"line":49,"column":3}},{"start":{},"end":{}}]},"3":{"loc":{"start":{"line":61,"column":2},"end":{"line":64,"column":3}},"type":"if","locations":[{"start":{"line":61,"column":2},"end":{"line":64,"column":3}},{"start":{},"end":{}}]},"4":{"loc":{"start":{"line":77,"column":2},"end":{"line":80,"column":3}},"type":"if","locations":[{"start":{"line":77,"column":2},"end":{"line":80,"column":3}},{"start":{},"end":{}}]},"5":{"loc":{"start":{"line":92,"column":2},"end":{"line":95,"column":3}},"type":"if","locations":[{"start":{"line":92,"column":2},"end":{"line":95,"column":3}},{"start":{},"end":{}}]},"6":{"loc":{"start":{"line":106,"column":2},"end":{"line":109,"column":3}},"type":"if","locations":[{"start":{"line":106,"column":2},"end":{"line":109,"column":3}},{"start":{},"end":{}}]},"7":{"loc":{"start":{"line":120,"column":2},"end":{"line":123,"column":3}},"type":"if","locations":[{"start":{"line":120,"column":2},"end":{"line":123,"column":3}},{"start":{},"end":{}}]},"8":{"loc":{"start":{"line":135,"column":2},"end":{"line":138,"column":3}},"type":"if","locations":[{"start":{"line":135,"column":2},"end":{"line":138,"column":3}},{"start":{},"end":{}}]},"9":{"loc":{"start":{"line":149,"column":2},"end":{"line":152,"column":3}},"type":"if","locations":[{"start":{"line":149,"column":2},"end":{"line":152,"column":3}},{"start":{},"end":{}}]}},"s":{"0":0,"1":0,"2":0,"3":0,"4":0,"5":0,"6":0,"7":0,"8":0,"9":0,"10":0,"11":0,"12":0,"13":0,"14":0,"15":0,"16":0,"17":0,"18":0,"19":0,"20":0,"21":0,"22":0,"23":0,"24":0,"25":0,"26":0,"27":0,"28":0,"29":0,"30":0,"31":0,"32":0,"33":0,"34":0,"35":0,"36":0,"37":0,"38":0,"39":0,"40":0,"41":0,"42":0,"43":0,"44":0,"45":0,"46":0,"47":0,"48":0,"49":0,"50":0,"51":0,"52":0,"53":0,"54":0,"55":0,"56":0,"57":0,"58":0,"59":0,"60":0,"61":0,"62":0,"63":0},"f":{"0":0,"1":0,"2":0,"3":0,"4":0,"5":0,"6":0,"7":0,"8":0,"9":0},"b":{"0":[0,0],"1":[0,0],"2":[0,0],"3":[0,0],"4":[0,0],"5":[0,0],"6":[0,0],"7":[0,0],"8":[0,0],"9":[0,0]}}
,"C:\\Users\\xrx41\\Documents\\Obsidian\\Main\\WORKSPACE\\10xDevs\\knowlegather\\src\\pages\\HomePage.tsx": {"path":"C:\\Users\\xrx41\\Documents\\Obsidian\\Main\\WORKSPACE\\10xDevs\\knowlegather\\src\\pages\\HomePage.tsx","statementMap":{"0":{"start":{"line":1,"column":0},"end":{"line":1,"column":34}},"1":{"start":{"line":2,"column":0},"end":{"line":2,"column":47}},"2":{"start":{"line":3,"column":0},"end":{"line":3,"column":70}},"3":{"start":{"line":4,"column":0},"end":{"line":4,"column":51}},"4":{"start":{"line":5,"column":0},"end":{"line":5,"column":45}},"5":{"start":{"line":7,"column":17},"end":{"line":132,"column":1}},"6":{"start":{"line":8,"column":19},"end":{"line":8,"column":32}},"7":{"start":{"line":9,"column":19},"end":{"line":9,"column":33}},"8":{"start":{"line":11,"column":2},"end":{"line":16,"column":23}},"9":{"start":{"line":13,"column":4},"end":{"line":15,"column":5}},"10":{"start":{"line":14,"column":6},"end":{"line":14,"column":31}},"11":{"start":{"line":18,"column":2},"end":{"line":131,"column":4}},"12":{"start":{"line":34,"column":29},"end":{"line":34,"column":50}},"13":{"start":{"line":43,"column":40},"end":{"line":43,"column":75}},"14":{"start":{"line":44,"column":16},"end":{"line":44,"column":72}},"15":{"start":{"line":124,"column":27},"end":{"line":124,"column":48}},"16":{"start":{"line":134,"column":0},"end":{"line":134,"column":24}}},"fnMap":{"0":{"name":"(anonymous_1)","decl":{"start":{"line":7,"column":17},"end":{"line":7,"column":20}},"loc":{"start":{"line":7,"column":22},"end":{"line":132,"column":1}}},"1":{"name":"(anonymous_2)","decl":{"start":{"line":11,"column":12},"end":{"line":11,"column":15}},"loc":{"start":{"line":11,"column":17},"end":{"line":16,"column":3}}},"2":{"name":"(anonymous_3)","decl":{"start":{"line":34,"column":23},"end":{"line":34,"column":26}},"loc":{"start":{"line":34,"column":29},"end":{"line":34,"column":50}}},"3":{"name":"(anonymous_4)","decl":{"start":{"line":42,"column":23},"end":{"line":42,"column":26}},"loc":{"start":{"line":42,"column":28},"end":{"line":45,"column":15}}},"4":{"name":"(anonymous_5)","decl":{"start":{"line":124,"column":21},"end":{"line":124,"column":24}},"loc":{"start":{"line":124,"column":27},"end":{"line":124,"column":48}}}},"branchMap":{"0":{"loc":{"start":{"line":13,"column":4},"end":{"line":15,"column":5}},"type":"if","locations":[{"start":{"line":13,"column":4},"end":{"line":15,"column":5}},{"start":{},"end":{}}]}},"s":{"0":0,"1":0,"2":0,"3":0,"4":0,"5":0,"6":0,"7":0,"8":0,"9":0,"10":0,"11":0,"12":0,"13":0,"14":0,"15":0,"16":0},"f":{"0":0,"1":0,"2":0,"3":0,"4":0},"b":{"0":[0,0]}}
[...]
lumn":39}},"82":{"start":{"line":211,"column":20},"end":{"line":211,"column":55}},"83":{"start":{"line":220,"column":20},"end":{"line":220,"column":40}},"84":{"start":{"line":221,"column":20},"end":{"line":221,"column":42}},"85":{"start":{"line":230,"column":20},"end":{"line":230,"column":37}},"86":{"start":{"line":231,"column":20},"end":{"line":231,"column":42}},"87":{"start":{"line":240,"column":20},"end":{"line":240,"column":42}},"88":{"start":{"line":241,"column":20},"end":{"line":241,"column":47}},"89":{"start":{"line":255,"column":14},"end":{"line":256,"column":null}},"90":{"start":{"line":308,"column":29},"end":{"line":308,"column":61}},"91":{"start":{"line":336,"column":18},"end":{"line":336,"column":38}},"92":{"start":{"line":337,"column":18},"end":{"line":337,"column":39}},"93":{"start":{"line":338,"column":18},"end":{"line":338,"column":33}},"94":{"start":{"line":370,"column":23},"end":{"line":370,"column":50}},"95":{"start":{"line":381,"column":23},"end":{"line":381,"column":48}},"96":{"start":{"line":388,"column":0},"end":{"line":388,"column":30}}},"fnMap":{"0":{"name":"(anonymous_1)","decl":{"start":{"line":30,"column":23},"end":{"line":30,"column":24}},"loc":{"start":{"line":30,"column":76},"end":{"line":386,"column":1}}},"1":{"name":"(anonymous_2)","decl":{"start":{"line":43,"column":28},"end":{"line":43,"column":33}},"loc":{"start":{"line":43,"column":39},"end":{"line":52,"column":3}}},"2":{"name":"(anonymous_3)","decl":{"start":{"line":54,"column":25},"end":{"line":54,"column":28}},"loc":{"start":{"line":54,"column":30},"end":{"line":66,"column":3}}},"3":{"name":"(anonymous_4)","decl":{"start":{"line":68,"column":23},"end":{"line":68,"column":28}},"loc":{"start":{"line":68,"column":34},"end":{"line":78,"column":3}}},"4":{"name":"(anonymous_5)","decl":{"start":{"line":80,"column":21},"end":{"line":80,"column":26}},"loc":{"start":{"line":80,"column":32},"end":{"line":99,"column":3}}},"5":{"name":"(anonymous_6)","decl":{"start":{"line":101,"column":32},"end":{"line":101,"column":37}},"loc":{"start":{"line":101,"column":43},"end":{"line":129,"column":3}}},"6":{"name":"(anonymous_7)","decl":{"start":{"line":188,"column":23},"end":{"line":188,"column":26}},"loc":{"start":{"line":188,"column":29},"end":{"line":188,"column":57}}},"7":{"name":"(anonymous_8)","decl":{"start":{"line":198,"column":27},"end":{"line":198,"column":30}},"loc":{"start":{"line":198,"column":32},"end":{"line":201,"column":19}}},"8":{"name":"(anonymous_9)","decl":{"start":{"line":208,"column":27},"end":{"line":208,"column":30}},"loc":{"start":{"line":208,"column":32},"end":{"line":212,"column":19}}},"9":{"name":"(anonymous_10)","decl":{"start":{"line":219,"column":27},"end":{"line":219,"column":30}},"loc":{"start":{"line":219,"column":32},"end":{"line":222,"column":19}}},"10":{"name":"(anonymous_11)","decl":{"start":{"line":229,"column":27},"end":{"line":229,"column":30}},"loc":{"start":{"line":229,"column":32},"end":{"line":232,"column":19}}},"11":{"name":"(anonymous_12)","decl":{"start":{"line":239,"column":27},"end":{"line":239,"column":30}},"loc":{"start":{"line":239,"column":32},"end":{"line":242,"column":19}}},"12":{"name":"(anonymous_13)","decl":{"start":{"line":254,"column":31},"end":{"line":254,"column":32}},"loc":{"start":{"line":255,"column":14},"end":{"line":256,"column":null}}},"13":{"name":"(anonymous_14)","decl":{"start":{"line":308,"column":22},"end":{"line":308,"column":23}},"loc":{"start":{"line":308,"column":29},"end":{"line":308,"column":61}}},"14":{"name":"(anonymous_15)","decl":{"start":{"line":335,"column":25},"end":{"line":335,"column":28}},"loc":{"start":{"line":335,"column":30},"end":{"line":339,"column":17}}},"15":{"name":"(anonymous_16)","decl":{"start":{"line":370,"column":17},"end":{"line":370,"column":20}},"loc":{"start":{"line":370,"column":23},"end":{"line":370,"column":50}}},"16":{"name":"(anonymous_17)","decl":{"start":{"line":381,"column":17},"end":{"line":381,"column":20}},"loc":{"start":{"line":381,"column":23},"end":{"line":381,"column":48}}}},"branchMap":{"0":{"loc":{"start":{"line":44,"column":4},"end":{"line":44,"column":26}},"type":"if","locations":[{"start":{"line":44,"column":4},"end":{"line":44,"column":26}},{"start":{},"end":{}}]},"1":{"loc":{"start":{"line":55,"column":4},"end":{"line":55,"column":26}},"type":"if","locations":[{"start":{"line":55,"column":4},"end":{"line":55,"column":26}},{"start":{},"end":{}}]},"2":{"loc":{"start":{"line":69,"column":4},"end":{"line":69,"column":26}},"type":"if","locations":[{"start":{"line":69,"column":4},"end":{"line":69,"column":26}},{"start":{},"end":{}}]},"3":{"loc":{"start":{"line":76,"column":15},"end":{"line":76,"column":70}},"type":"binary-expr","locations":[{"start":{"line":76,"column":15},"end":{"line":76,"column":26}},{"start":{"line":76,"column":30},"end":{"line":76,"column":70}}]},"4":{"loc":{"start":{"line":81,"column":4},"end":{"line":81,"column":26}},"type":"if","locations":[{"start":{"line":81,"column":4},"end":{"line":81,"column":26}},{"start":{},"end":{}}]},"5":{"loc":{"start":{"line":95,"column":15},"end":{"line":95,"column":60}},"type":"binary-expr","locations":[{"start":{"line":95,"column":15},"end":{"line":95,"column":26}},{"start":{"line":95,"column":30},"end":{"line":95,"column":60}}]},"6":{"loc":{"start":{"line":102,"column":4},"end":{"line":102,"column":26}},"type":"if","locations":[{"start":{"line":102,"column":4},"end":{"line":102,"column":26}},{"start":{},"end":{}}]},"7":{"loc":{"start":{"line":122,"column":6},"end":{"line":122,"column":50}},"type":"if","locations":[{"start":{"line":122,"column":6},"end":{"line":122,"column":50}},{"start":{},"end":{}}]},"8":{"loc":{"start":{"line":125,"column":17},"end":{"line":125,"column":75}},"type":"binary-expr","locations":[{"start":{"line":125,"column":17},"end":{"line":125,"column":30}},{"start":{"line":125,"column":34},"end":{"line":125,"column":75}}]},"9":{"loc":{"start":{"line":131,"column":2},"end":{"line":165,"column":3}},"type":"if","locations":[{"start":{"line":131,"column":2},"end":{"line":165,"column":3}},{"start":{},"end":{}}]},"10":{"loc":{"start":{"line":175,"column":15},"end":{"line":176,"column":null}},"type":"binary-expr","locations":[{"start":{"line":175,"column":15},"end":{"line":175,"column":30}},{"start":{"line":176,"column":16},"end":{"line":176,"column":70}}]},"11":{"loc":{"start":{"line":194,"column":13},"end":{"line":247,"column":null}},"type":"binary-expr","locations":[{"start":{"line":194,"column":13},"end":{"line":194,"column":24}},{"start":{"line":195,"column":14},"end":{"line":246,"column":null}}]},"12":{"loc":{"start":{"line":252,"column":9},"end":{"line":263,"column":null}},"type":"binary-expr","locations":[{"start":{"line":252,"column":9},"end":{"line":252,"column":22}},{"start":{"line":252,"column":26},"end":{"line":252,"column":50}},{"start":{"line":253,"column":10},"end":{"line":262,"column":null}}]},"13":{"loc":{"start":{"line":266,"column":9},"end":{"line":276,"column":null}},"type":"binary-expr","locations":[{"start":{"line":266,"column":9},"end":{"line":266,"column":28}},{"start":{"line":267,"column":10},"end":{"line":275,"column":null}}]},"14":{"loc":{"start":{"line":279,"column":9},"end":{"line":282,"column":null}},"type":"binary-expr","locations":[{"start":{"line":279,"column":9},"end":{"line":279,"column":14}},{"start":{"line":280,"column":10},"end":{"line":281,"column":null}}]},"15":{"loc":{"start":{"line":289,"column":9},"end":{"line":292,"column":null}},"type":"binary-expr","locations":[{"start":{"line":289,"column":9},"end":{"line":289,"column":22}},{"start":{"line":290,"column":10},"end":{"line":290,"column":null}}]},"16":{"loc":{"start":{"line":294,"column":9},"end":{"line":297,"column":null}},"type":"binary-expr","locations":[{"start":{"line":294,"column":9},"end":{"line":294,"column":16}},{"start":{"line":295,"column":10},"end":{"line":296,"column":null}}]},"17":{"loc":{"start":{"line":299,"column":9},"end":{"line":303,"column":null}},"type":"binary-expr","locations":[{"start":{"line":299,"column":9},"end":{"line":299,"column":18}},{"start":{"line":299,"column":22},"end":{"line":299,"column":36}},{"start":{"line":300,"column":10},"end":{"line":302,"column":null}}]},"18":{"loc":{"start":{"line":305,"column":9},"end":{"line":319,"column":null}},"type":"cond-expr","locations":[{"start":{"line":306,"column":10},"end":{"line":309,"column":null}},{"start":{"line":312,"column":10},"end":{"line":318,"column":null}}]},"19":{"loc":{"start":{"line":326,"column":11},"end":{"line":326,"column":69}},"type":"cond-expr","locations":[{"start":{"line":326,"column":30},"end":{"line":326,"column":51}},{"start":{"line":326,"column":54},"end":{"line":326,"column":69}}]},"20":{"loc":{"start":{"line":330,"column":11},"end":{"line":362,"column":null}},"type":"cond-expr","locations":[{"start":{"line":331,"column":12},"end":{"line":351,"column":null}},{"start":{"line":354,"column":12},"end":{"line":359,"column":null}}]}},"s":{"0":0,"1":0,"2":0,"3":0,"4":0,"5":0,"6":0,"7":0,"8":0,"9":0,"10":0,"11":0,"12":0,"13":0,"14":0,"15":0,"16":0,"17":0,"18":0,"19":0,"20":0,"21":0,"22":0,"23":0,"24":0,"25":0,"26":0,"27":0,"28":0,"29":0,"30":0,"31":0,"32":0,"33":0,"34":0,"35":0,"36":0,"37":0,"38":0,"39":0,"40":0,"41":0,"42":0,"43":0,"44":0,"45":0,"46":0,"47":0,"48":0,"49":0,"50":0,"51":0,"52":0,"53":0,"54":0,"55":0,"56":0,"57":0,"58":0,"59":0,"60":0,"61":0,"62":0,"63":0,"64":0,"65":0,"66":0,"67":0,"68":0,"69":0,"70":0,"71":0,"72":0,"73":0,"74":0,"75":0,"76":0,"77":0,"78":0,"79":0,"80":0,"81":0,"82":0,"83":0,"84":0,"85":0,"86":0,"87":0,"88":0,"89":0,"90":0,"91":0,"92":0,"93":0,"94":0,"95":0,"96":0},"f":{"0":0,"1":0,"2":0,"3":0,"4":0,"5":0,"6":0,"7":0,"8":0,"9":0,"10":0,"11":0,"12":0,"13":0,"14":0,"15":0,"16":0},"b":{"0":[0,0],"1":[0,0],"2":[0,0],"3":[0,0],"4":[0,0],"5":[0,0],"6":[0,0],"7":[0,0],"8":[0,0],"9":[0,0],"10":[0,0],"11":[0,0],"12":[0,0,0],"13":[0,0],"14":[0,0],"15":[0,0],"16":[0,0],"17":[0,0,0],"18":[0,0],"19":[0,0],"20":[0,0]}}
,"C:\\Users\\xrx41\\Documents\\Obsidian\\Main\\WORKSPACE\\10xDevs\\knowlegather\\src\\stores\\authStore.ts": {"path":"C:\\Users\\xrx41\\Documents\\Obsidian\\Main\\WORKSPACE\\10xDevs\\knowlegather\\src\\stores\\authStore.ts","statementMap":{"0":{"start":{"line":1,"column":0},"end":{"line":1,"column":33}},"1":{"start":{"line":10,"column":13},"end":{"line":14,"column":4}},"2":{"start":{"line":10,"column":56},"end":{"line":14,"column":2}},"3":{"start":{"line":12,"column":21},"end":{"line":12,"column":34}},"4":{"start":{"line":13,"column":19},"end":{"line":13,"column":38}}},"fnMap":{"0":{"name":"(anonymous_0)","decl":{"start":{"line":10,"column":46},"end":{"line":10,"column":47}},"loc":{"start":{"line":10,"column":56},"end":{"line":14,"column":2}}},"1":{"name":"(anonymous_1)","decl":{"start":{"line":12,"column":11},"end":{"line":12,"column":12}},"loc":{"start":{"line":12,"column":21},"end":{"line":12,"column":34}}},"2":{"name":"(anonymous_2)","decl":{"start":{"line":13,"column":13},"end":{"line":13,"column":16}},"loc":{"start":{"line":13,"column":19},"end":{"line":13,"column":38}}}},"branchMap":{},"s":{"0":0,"1":0,"2":0,"3":0,"4":0},"f":{"0":0,"1":0,"2":0},"b":{}}
,"C:\\Users\\xrx41\\Documents\\Obsidian\\Main\\WORKSPACE\\10xDevs\\knowlegather\\src\\stores\\collectionsStore.ts": {"path":"C:\\Users\\xrx41\\Documents\\Obsidian\\Main\\WORKSPACE\\10xDevs\\knowlegather\\src\\stores\\collectionsStore.ts","statementMap":{"0":{"start":{"line":1,"column":0},"end":{"line":1,"column":33}},"1":{"start":{"line":28,"column":13},"end":{"line":53,"column":4}},"2":{"start":{"line":28,"column":70},"end":{"line":53,"column":2}},"3":{"start":{"line":33,"column":35},"end":{"line":33,"column":55}},"4":{"start":{"line":34,"column":47},"end":{"line":34,"column":73}},"5":{"start":{"line":36,"column":4},"end":{"line":36,"column":73}},"6":{"start":{"line":36,"column":20},"end":{"line":36,"column":71}},"7":{"start":{"line":38,"column":4},"end":{"line":45,"column":7}},"8":{"start":{"line":38,"column":20},"end":{"line":45,"column":6}},"9":{"start":{"line":40,"column":8},"end":{"line":40,"column":79}},"10":{"start":{"line":47,"column":4},"end":{"line":50,"column":7}},"11":{"start":{"line":47,"column":20},"end":{"line":50,"column":6}},"12":{"start":{"line":48,"column":60},"end":{"line":48,"column":80}},"13":{"start":{"line":51,"column":29},"end":{"line":51,"column":47}},"14":{"start":{"line":52,"column":23},"end":{"line":52,"column":37}}},"fnMap":{"0":{"name":"(anonymous_0)","decl":{"start":{"line":28,"column":60},"end":{"line":28,"column":61}},"loc":{"start":{"line":28,"column":70},"end":{"line":53,"column":2}}},"1":{"name":"(anonymous_1)","decl":{"start":{"line":33,"column":18},"end":{"line":33,"column":19}},"loc":{"start":{"line":33,"column":35},"end":{"line":33,"column":55}}},"2":{"name":"(anonymous_2)","decl":{"start":{"line":34,"column":24},"end":{"line":34,"column":25}},"loc":{"start":{"line":34,"column":47},"end":{"line":34,"column":73}}},"3":{"name":"(anonymous_3)","decl":{"start":{"line":35,"column":17},"end":{"line":35,"column":18}},"loc":{"start":{"line":36,"column":4},"end":{"line":36,"column":73}}},"4":{"name":"(anonymous_4)","decl":{"start":{"line":36,"column":8},"end":{"line":36,"column":9}},"loc":{"start":{"line":36,"column":20},"end":{"line":36,"column":71}}},"5":{"name":"(anonymous_5)","decl":{"start":{"line":37,"column":20},"end":{"line":37,"column":21}},"loc":{"start":{"line":38,"column":4},"end":{"line":45,"column":7}}},"6":{"name":"(anonymous_6)","decl":{"start":{"line":38,"column":8},"end":{"line":38,"column":9}},"loc":{"start":{"line":38,"column":20},"end":{"line":45,"column":6}}},"7":{"name":"(anonymous_7)","decl":{"start":{"line":39,"column":41},"end":{"line":39,"column":42}},"loc":{"start":{"line":40,"column":8},"end":{"line":40,"column":79}}},"8":{"name":"(anonymous_8)","decl":{"start":{"line":46,"column":20},"end":{"line":46,"column":21}},"loc":{"start":{"line":47,"column":4},"end":{"line":50,"column":7}}},"9":{"name":"(anonymous_9)","decl":{"start":{"line":47,"column":8},"end":{"line":47,"column":9}},"loc":{"start":{"line":47,"column":20},"end":{"line":50,"column":6}}},"10":{"name":"(anonymous_10)","decl":{"start":{"line":48,"column":44},"end":{"line":48,"column":45}},"loc":{"start":{"line":48,"column":60},"end":{"line":48,"column":80}}},"11":{"name":"(anonymous_11)","decl":{"start":{"line":51,"column":14},"end":{"line":51,"column":15}},"loc":{"start":{"line":51,"column":29},"end":{"line":51,"column":47}}},"12":{"name":"(anonymous_12)","decl":{"start":{"line":52,"column":12},"end":{"line":52,"column":13}},"loc":{"start":{"line":52,"column":23},"end":{"line":52,"column":37}}}},"branchMap":{"0":{"loc":{"start":{"line":40,"column":8},"end":{"line":40,"column":79}},"type":"cond-expr","locations":[{"start":{"line":40,"column":49},"end":{"line":40,"column":66}},{"start":{"line":40,"column":69},"end":{"line":40,"column":79}}]},"1":{"loc":{"start":{"line":42,"column":25},"end":{"line":44,"column":33}},"type":"cond-expr","locations":[{"start":{"line":43,"column":10},"end":{"line":43,"column":27}},{"start":{"line":44,"column":10},"end":{"line":44,"column":33}}]},"2":{"loc":{"start":{"line":49,"column":25},"end":{"line":49,"column":92}},"type":"cond-expr","locations":[{"start":{"line":49,"column":62},"end":{"line":49,"column":66}},{"start":{"line":49,"column":69},"end":{"line":49,"column":92}}]}},"s":{"0":0,"1":0,"2":0,"3":0,"4":0,"5":0,"6":0,"7":0,"8":0,"9":0,"10":0,"11":0,"12":0,"13":0,"14":0},"f":{"0":0,"1":0,"2":0,"3":0,"4":0,"5":0,"6":0,"7":0,"8":0,"9":0,"10":0,"11":0,"12":0},"b":{"0":[0,0],"1":[0,0],"2":[0,0]}}
,"C:\\Users\\xrx41\\Documents\\Obsidian\\Main\\WORKSPACE\\10xDevs\\knowlegather\\src\\stores\\resourcesStore.ts": {"path":"C:\\Users\\xrx41\\Documents\\Obsidian\\Main\\WORKSPACE\\10xDevs\\knowlegather\\src\\stores\\resourcesStore.ts","statementMap":{"0":{"start":{"line":1,"column":0},"end":{"line":1,"column":33}},"1":{"start":{"line":31,"column":13},"end":{"line":56,"column":4}},"2":{"start":{"line":31,"column":66},"end":{"line":56,"column":2}},"3":{"start":{"line":36,"column":31},"end":{"line":36,"column":49}},"4":{"start":{"line":37,"column":43},"end":{"line":37,"column":67}},"5":{"start":{"line":39,"column":4},"end":{"line":39,"column":67}},"6":{"start":{"line":39,"column":20},"end":{"line":39,"column":65}},"7":{"start":{"line":41,"column":4},"end":{"line":48,"column":7}},"8":{"start":{"line":41,"column":20},"end":{"line":48,"column":6}},"9":{"start":{"line":43,"column":8},"end":{"line":43,"column":71}},"10":{"start":{"line":50,"column":4},"end":{"line":53,"column":7}},"11":{"start":{"line":50,"column":20},"end":{"line":53,"column":6}},"12":{"start":{"line":51,"column":54},"end":{"line":51,"column":72}},"13":{"start":{"line":54,"column":29},"end":{"line":54,"column":47}},"14":{"start":{"line":55,"column":23},"end":{"line":55,"column":37}}},"fnMap":{"0":{"name":"(anonymous_0)","decl":{"start":{"line":31,"column":56},"end":{"line":31,"column":57}},"loc":{"start":{"line":31,"column":66},"end":{"line":56,"column":2}}},"1":{"name":"(anonymous_1)","decl":{"start":{"line":36,"column":16},"end":{"line":36,"column":17}},"loc":{"start":{"line":36,"column":31},"end":{"line":36,"column":49}}},"2":{"name":"(anonymous_2)","decl":{"start":{"line":37,"column":22},"end":{"line":37,"column":23}},"loc":{"start":{"line":37,"column":43},"end":{"line":37,"column":67}}},"3":{"name":"(anonymous_3)","decl":{"start":{"line":38,"column":15},"end":{"line":38,"column":16}},"loc":{"start":{"line":39,"column":4},"end":{"line":39,"column":67}}},"4":{"name":"(anonymous_4)","decl":{"start":{"line":39,"column":8},"end":{"line":39,"column":9}},"loc":{"start":{"line":39,"column":20},"end":{"line":39,"column":65}}},"5":{"name":"(anonymous_5)","decl":{"start":{"line":40,"column":18},"end":{"line":40,"column":19}},"loc":{"start":{"line":41,"column":4},"end":{"line":48,"column":7}}},"6":{"name":"(anonymous_6)","decl":{"start":{"line":41,"column":8},"end":{"line":41,"column":9}},"loc":{"start":{"line":41,"column":20},"end":{"line":48,"column":6}}},"7":{"name":"(anonymous_7)","decl":{"start":{"line":42,"column":37},"end":{"line":42,"column":38}},"loc":{"start":{"line":43,"column":8},"end":{"line":43,"column":71}}},"8":{"name":"(anonymous_8)","decl":{"start":{"line":49,"column":18},"end":{"line":49,"column":19}},"loc":{"start":{"line":50,"column":4},"end":{"line":53,"column":7}}},"9":{"name":"(anonymous_9)","decl":{"start":{"line":50,"column":8},"end":{"line":50,"column":9}},"loc":{"start":{"line":50,"column":20},"end":{"line":53,"column":6}}},"10":{"name":"(anonymous_10)","decl":{"start":{"line":51,"column":40},"end":{"line":51,"column":41}},"loc":{"start":{"line":51,"column":54},"end":{"line":51,"column":72}}},"11":{"name":"(anonymous_11)","decl":{"start":{"line":54,"column":14},"end":{"line":54,"column":15}},"loc":{"start":{"line":54,"column":29},"end":{"line":54,"column":47}}},"12":{"name":"(anonymous_12)","decl":{"start":{"line":55,"column":12},"end":{"line":55,"column":13}},"loc":{"start":{"line":55,"column":23},"end":{"line":55,"column":37}}}},"branchMap":{"0":{"loc":{"start":{"line":43,"column":8},"end":{"line":43,"column":71}},"type":"cond-expr","locations":[{"start":{"line":43,"column":45},"end":{"line":43,"column":60}},{"start":{"line":43,"column":63},"end":{"line":43,"column":71}}]},"1":{"loc":{"start":{"line":45,"column":23},"end":{"line":47,"column":31}},"type":"cond-expr","locations":[{"start":{"line":46,"column":10},"end":{"line":46,"column":25}},{"start":{"line":47,"column":10},"end":{"line":47,"column":31}}]},"2":{"loc":{"start":{"line":52,"column":23},"end":{"line":52,"column":86}},"type":"cond-expr","locations":[{"start":{"line":52,"column":58},"end":{"line":52,"column":62}},{"start":{"line":52,"column":65},"end":{"line":52,"column":86}}]}},"s":{"0":0,"1":0,"2":0,"3":0,"4":0,"5":0,"6":0,"7":0,"8":0,"9":0,"10":0,"11":0,"12":0,"13":0,"14":0},"f":{"0":0,"1":0,"2":0,"3":0,"4":0,"5":0,"6":0,"7":0,"8":0,"9":0,"10":0,"11":0,"12":0},"b":{"0":[0,0],"1":[0,0],"2":[0,0]}}
}
